#
# There is insufficient memory for the Java Runtime Environment to continue.
# Native memory allocation (malloc) failed to allocate 66584576 bytes for committing reserved memory.
# Possible reasons:
#   The system is out of physical RAM or swap space
#   In 32 bit mode, the process size limit was hit
# Possible solutions:
#   Reduce memory load on the system
#   Increase physical memory or swap space
#   Check if swap backing store is full
#   Use 64 bit Java on a 64 bit OS
#   Decrease Java heap size (-Xmx/-Xms)
#   Decrease number of Java threads
#   Decrease Java thread stack sizes (-Xss)
#   Set larger code cache with -XX:ReservedCodeCacheSize=
# This output file may be truncated or incomplete.
#
#  Out of Memory Error (os_linux.cpp:2726), pid=9679, tid=140667168589568
#
# JRE version: Java(TM) SE Runtime Environment (7.0_51-b13) (build 1.7.0_51-b13)
# Java VM: Java HotSpot(TM) 64-Bit Server VM (24.51-b03 mixed mode linux-amd64 compressed oops)
# Failed to write core dump. Core dumps have been disabled. To enable core dumping, try "ulimit -c unlimited" before starting Java again
#

---------------  T H R E A D  ---------------

Current thread (0x00007fefa406a000):  VMThread [stack: 0x00007fefa08d8000,0x00007fefa09d9000] [id=9685]

Stack: [0x00007fefa08d8000,0x00007fefa09d9000],  sp=0x00007fefa09d71e0,  free space=1020k
Native frames: (J=compiled Java code, j=interpreted, Vv=VM code, C=native code)
V  [libjvm.so+0x992f4a]  VMError::report_and_die()+0x2ea
V  [libjvm.so+0x4931ab]  report_vm_out_of_memory(char const*, int, unsigned long, char const*)+0x9b
V  [libjvm.so+0x81338e]  os::Linux::commit_memory_impl(char*, unsigned long, bool)+0xfe
V  [libjvm.so+0x81383f]  os::Linux::commit_memory_impl(char*, unsigned long, unsigned long, bool)+0x4f
V  [libjvm.so+0x813a2c]  os::pd_commit_memory(char*, unsigned long, unsigned long, bool)+0xc
V  [libjvm.so+0x80daea]  os::commit_memory(char*, unsigned long, unsigned long, bool)+0x2a
V  [libjvm.so+0x87fcd3]  PSVirtualSpace::expand_by(unsigned long)+0x53
V  [libjvm.so+0x8810a8]  PSYoungGen::resize_generation(unsigned long, unsigned long)+0xf8
V  [libjvm.so+0x880212]  PSYoungGen::resize(unsigned long, unsigned long)+0x22
V  [libjvm.so+0x87d6ab]  PSScavenge::invoke_no_policy()+0xf3b
V  [libjvm.so+0x87de11]  PSScavenge::invoke()+0x41
V  [libjvm.so+0x834f10]  ParallelScavengeHeap::failed_mem_allocate(unsigned long)+0x70
V  [libjvm.so+0x9947e7]  VM_ParallelGCFailedAllocation::doit()+0x97
V  [libjvm.so+0x99bc15]  VM_Operation::evaluate()+0x55
V  [libjvm.so+0x99a04a]  VMThread::evaluate_operation(VM_Operation*)+0xba
V  [libjvm.so+0x99a3ce]  VMThread::loop()+0x1ce
V  [libjvm.so+0x99a840]  VMThread::run()+0x70
V  [libjvm.so+0x815538]  java_start(Thread*)+0x108

VM_Operation (0x00007fef5275f960): ParallelGCFailedAllocation, mode: safepoint, requested by thread 0x00007fef60101000


---------------  P R O C E S S  ---------------

Java Threads: ( => current thread )
  0x00007fef54068000 JavaThread "Java2D Disposer" daemon [_thread_blocked, id=9709, stack(0x00007fef51cdb000,0x00007fef51ddc000)]
  0x00007fef44194000 JavaThread "Prism Font Disposer" daemon [_thread_blocked, id=9708, stack(0x00007fef52303000,0x00007fef52404000)]
  0x00007fef60101000 JavaThread "JavaFX Application Thread" [_thread_blocked, id=9701, stack(0x00007fef52662000,0x00007fef52763000)]
  0x00007fef60100800 JavaThread "Thread-2" daemon [_thread_blocked, id=9700, stack(0x00007fef900ce000,0x00007fef901cf000)]
  0x00007fef60033000 JavaThread "Disposer" daemon [_thread_blocked, id=9697, stack(0x00007fef98010000,0x00007fef98111000)]
  0x00007fef60031800 JavaThread "QuantumRenderer-0" daemon [_thread_blocked, id=9696, stack(0x00007fef99330000,0x00007fef99431000)]
  0x00007fefa421b800 JavaThread "JavaFX-Launcher" [_thread_blocked, id=9695, stack(0x00007fef99431000,0x00007fef99532000)]
  0x00007fefa4124000 JavaThread "Monitor Ctrl-Break" daemon [_thread_in_native, id=9693, stack(0x00007fefa0005000,0x00007fefa0106000)]
  0x00007fefa4097000 JavaThread "Service Thread" daemon [_thread_blocked, id=9691, stack(0x00007fefa02d2000,0x00007fefa03d3000)]
  0x00007fefa4094800 JavaThread "C2 CompilerThread1" daemon [_thread_blocked, id=9690, stack(0x00007fefa03d3000,0x00007fefa04d4000)]
  0x00007fefa4091800 JavaThread "C2 CompilerThread0" daemon [_thread_blocked, id=9689, stack(0x00007fefa04d4000,0x00007fefa05d5000)]
  0x00007fefa4087800 JavaThread "Signal Dispatcher" daemon [_thread_blocked, id=9688, stack(0x00007fefa05d5000,0x00007fefa06d6000)]
  0x00007fefa4070800 JavaThread "Finalizer" daemon [_thread_blocked, id=9687, stack(0x00007fefa06d6000,0x00007fefa07d7000)]
  0x00007fefa406c800 JavaThread "Reference Handler" daemon [_thread_blocked, id=9686, stack(0x00007fefa07d7000,0x00007fefa08d8000)]
  0x00007fefa400a800 JavaThread "main" [_thread_blocked, id=9680, stack(0x00007fefac298000,0x00007fefac399000)]

Other Threads:
=>0x00007fefa406a000 VMThread [stack: 0x00007fefa08d8000,0x00007fefa09d9000] [id=9685]
  0x00007fefa40a9800 WatcherThread [stack: 0x00007fefa01d1000,0x00007fefa02d2000] [id=9692]

VM state:at safepoint (normal execution)

VM Mutex/Monitor currently owned by a thread:  ([mutex/lock_event])
[0x00007fefa4006c40] Threads_lock - owner thread: 0x00007fefa406a000
[0x00007fefa4007140] Heap_lock - owner thread: 0x00007fef60101000

Heap
 PSYoungGen      total 116224K, used 58848K [0x00000000ee000000, 0x00000000f8b00000, 0x0000000100000000)
  eden space 57344K, 0% used [0x00000000ee000000,0x00000000ee000000,0x00000000f1800000)
  from space 58880K, 99% used [0x00000000f1800000,0x00000000f5178010,0x00000000f5180000)
  to   space 46592K, 0% used [0x00000000f5180000,0x00000000f5180000,0x00000000f7f00000)
 ParOldGen       total 138240K, used 116717K [0x00000000ca000000, 0x00000000d2700000, 0x00000000ee000000)
  object space 138240K, 84% used [0x00000000ca000000,0x00000000d11fb638,0x00000000d2700000)
 PSPermGen       total 45056K, used 19926K [0x00000000c4e00000, 0x00000000c7a00000, 0x00000000ca000000)
  object space 45056K, 44% used [0x00000000c4e00000,0x00000000c6175aa0,0x00000000c7a00000)

Card table byte_map: [0x00007fefa93cf000,0x00007fefa95a9000] byte_map_base: 0x00007fefa8da8000

Polling page: 0x00007fefac3ba000

Code Cache  [0x00007fefa1000000, 0x00007fefa1270000, 0x00007fefa4000000)
 total_blobs=1112 nmethods=522 adapters=543 free_code_cache=47547Kb largest_free_block=48651136

Compilation events (10 events):
Event: 4.794 Thread 0x00007fefa4091800 nmethod 523% 0x00007fefa1166910 code [0x00007fefa1166a80, 0x00007fefa1166ef8]
Event: 4.794 Thread 0x00007fefa4091800  526             com.sun.javafx.scene.control.ReadOnlyUnbackedObservableList::addListener (13 bytes)
Event: 4.795 Thread 0x00007fefa4091800 nmethod 526 0x00007fefa1191310 code [0x00007fefa1191460, 0x00007fefa1191508]
Event: 4.795 Thread 0x00007fefa4091800  527 %           com.sun.javafx.scene.control.skin.VirtualFlow::addTrailingCells @ 59 (552 bytes)
Event: 4.795 Thread 0x00007fefa4094800 nmethod 525 0x00007fefa10f1cd0 code [0x00007fefa10f1e40, 0x00007fefa10f2088]
Event: 4.832 Thread 0x00007fefa4091800 nmethod 527% 0x00007fefa1193790 code [0x00007fefa1193c80, 0x00007fefa1195680]
Event: 4.864 Thread 0x00007fefa4094800  528 %           java.util.LinkedHashMap::transfer @ 12 (88 bytes)
Event: 4.871 Thread 0x00007fefa4094800 nmethod 528% 0x00007fefa10b02d0 code [0x00007fefa10b0440, 0x00007fefa10b0808]
Event: 4.902 Thread 0x00007fefa4091800  529             com.sun.javafx.binding.ExpressionHelperBase::trim (71 bytes)
Event: 4.905 Thread 0x00007fefa4091800 nmethod 529 0x00007fefa11989d0 code [0x00007fefa1198b20, 0x00007fefa1198d58]

GC Heap History (10 events):
Event: 4.406 GC heap after
Heap after GC invocations=6 (full 1):
 PSYoungGen      total 30720K, used 0K [0x00000000ee000000, 0x00000000f3f00000, 0x0000000100000000)
  eden space 28672K, 0% used [0x00000000ee000000,0x00000000ee000000,0x00000000efc00000)
  from space 2048K, 0% used [0x00000000efc00000,0x00000000efc00000,0x00000000efe00000)
  to   space 19968K, 0% used [0x00000000f2b80000,0x00000000f2b80000,0x00000000f3f00000)
 ParOldGen       total 73216K, used 31486K [0x00000000ca000000, 0x00000000ce780000, 0x00000000ee000000)
  object space 73216K, 43% used [0x00000000ca000000,0x00000000cbebf9e8,0x00000000ce780000)
 PSPermGen       total 39936K, used 19925K [0x00000000c4e00000, 0x00000000c7500000, 0x00000000ca000000)
  object space 39936K, 49% used [0x00000000c4e00000,0x00000000c61754c0,0x00000000c7500000)
}
Event: 4.723 GC heap before
{Heap before GC invocations=7 (full 1):
 PSYoungGen      total 30720K, used 28672K [0x00000000ee000000, 0x00000000f3f00000, 0x0000000100000000)
  eden space 28672K, 100% used [0x00000000ee000000,0x00000000efc00000,0x00000000efc00000)
  from space 2048K, 0% used [0x00000000efc00000,0x00000000efc00000,0x00000000efe00000)
  to   space 19968K, 0% used [0x00000000f2b80000,0x00000000f2b80000,0x00000000f3f00000)
 ParOldGen       total 73216K, used 31486K [0x00000000ca000000, 0x00000000ce780000, 0x00000000ee000000)
  object space 73216K, 43% used [0x00000000ca000000,0x00000000cbebf9e8,0x00000000ce780000)
 PSPermGen       total 39936K, used 19926K [0x00000000c4e00000, 0x00000000c7500000, 0x00000000ca000000)
  object space 39936K, 49% used [0x00000000c4e00000,0x00000000c6175b00,0x00000000c7500000)
Event: 4.754 GC heap after
Heap after GC invocations=7 (full 1):
 PSYoungGen      total 60928K, used 19958K [0x00000000ee000000, 0x00000000f3f00000, 0x0000000100000000)
  eden space 40960K, 0% used [0x00000000ee000000,0x00000000ee000000,0x00000000f0800000)
  from space 19968K, 99% used [0x00000000f2b80000,0x00000000f3efd828,0x00000000f3f00000)
  to   space 27136K, 0% used [0x00000000f0a00000,0x00000000f0a00000,0x00000000f2480000)
 ParOldGen       total 73216K, used 35523K [0x00000000ca000000, 0x00000000ce780000, 0x00000000ee000000)
  object space 73216K, 48% used [0x00000000ca000000,0x00000000cc2b0e50,0x00000000ce780000)
 PSPermGen       total 39936K, used 19926K [0x00000000c4e00000, 0x00000000c7500000, 0x00000000ca000000)
  object space 39936K, 49% used [0x00000000c4e00000,0x00000000c6175b00,0x00000000c7500000)
}
Event: 4.974 GC heap before
{Heap before GC invocations=8 (full 1):
 PSYoungGen      total 60928K, used 60918K [0x00000000ee000000, 0x00000000f3f00000, 0x0000000100000000)
  eden space 40960K, 100% used [0x00000000ee000000,0x00000000f0800000,0x00000000f0800000)
  from space 19968K, 99% used [0x00000000f2b80000,0x00000000f3efd828,0x00000000f3f00000)
  to   space 27136K, 0% used [0x00000000f0a00000,0x00000000f0a00000,0x00000000f2480000)
 ParOldGen       total 73216K, used 35523K [0x00000000ca000000, 0x00000000ce780000, 0x00000000ee000000)
  object space 73216K, 48% used [0x00000000ca000000,0x00000000cc2b0e50,0x00000000ce780000)
 PSPermGen       total 39936K, used 19926K [0x00000000c4e00000, 0x00000000c7500000, 0x00000000ca000000)
  object space 39936K, 49% used [0x00000000c4e00000,0x00000000c6175b00,0x00000000c7500000)
Event: 5.101 GC heap after
Heap after GC invocations=8 (full 1):
 PSYoungGen      total 70144K, used 27104K [0x00000000ee000000, 0x00000000f7f00000, 0x0000000100000000)
  eden space 43008K, 0% used [0x00000000ee000000,0x00000000ee000000,0x00000000f0a00000)
  from space 27136K, 99% used [0x00000000f0a00000,0x00000000f2478080,0x00000000f2480000)
  to   space 46592K, 0% used [0x00000000f5180000,0x00000000f5180000,0x00000000f7f00000)
 ParOldGen       total 73216K, used 62700K [0x00000000ca000000, 0x00000000ce780000, 0x00000000ee000000)
  object space 73216K, 85% used [0x00000000ca000000,0x00000000cdd3b228,0x00000000ce780000)
 PSPermGen       total 39936K, used 19926K [0x00000000c4e00000, 0x00000000c7500000, 0x00000000ca000000)
  object space 39936K, 49% used [0x00000000c4e00000,0x00000000c6175b00,0x00000000c7500000)
}
Event: 5.101 GC heap before
{Heap before GC invocations=9 (full 2):
 PSYoungGen      total 70144K, used 27104K [0x00000000ee000000, 0x00000000f7f00000, 0x0000000100000000)
  eden space 43008K, 0% used [0x00000000ee000000,0x00000000ee000000,0x00000000f0a00000)
  from space 27136K, 99% used [0x00000000f0a00000,0x00000000f2478080,0x00000000f2480000)
  to   space 46592K, 0% used [0x00000000f5180000,0x00000000f5180000,0x00000000f7f00000)
 ParOldGen       total 73216K, used 62700K [0x00000000ca000000, 0x00000000ce780000, 0x00000000ee000000)
  object space 73216K, 85% used [0x00000000ca000000,0x00000000cdd3b228,0x00000000ce780000)
 PSPermGen       total 39936K, used 19926K [0x00000000c4e00000, 0x00000000c7500000, 0x00000000ca000000)
  object space 39936K, 49% used [0x00000000c4e00000,0x00000000c6175b00,0x00000000c7500000)
Event: 5.635 GC heap after
Heap after GC invocations=9 (full 2):
 PSYoungGen      total 70144K, used 15771K [0x00000000ee000000, 0x00000000f7f00000, 0x0000000100000000)
  eden space 43008K, 0% used [0x00000000ee000000,0x00000000ee000000,0x00000000f0a00000)
  from space 27136K, 58% used [0x00000000f0a00000,0x00000000f1966ff0,0x00000000f2480000)
  to   space 46592K, 0% used [0x00000000f5180000,0x00000000f5180000,0x00000000f7f00000)
 ParOldGen       total 138240K, used 72912K [0x00000000ca000000, 0x00000000d2700000, 0x00000000ee000000)
  object space 138240K, 52% used [0x00000000ca000000,0x00000000ce7342b8,0x00000000d2700000)
 PSPermGen       total 45056K, used 19926K [0x00000000c4e00000, 0x00000000c7a00000, 0x00000000ca000000)
  object space 45056K, 44% used [0x00000000c4e00000,0x00000000c6175aa0,0x00000000c7a00000)
}
Event: 5.903 GC heap before
{Heap before GC invocations=10 (full 2):
 PSYoungGen      total 70144K, used 58779K [0x00000000ee000000, 0x00000000f7f00000, 0x0000000100000000)
  eden space 43008K, 100% used [0x00000000ee000000,0x00000000f0a00000,0x00000000f0a00000)
  from space 27136K, 58% used [0x00000000f0a00000,0x00000000f1966ff0,0x00000000f2480000)
  to   space 46592K, 0% used [0x00000000f5180000,0x00000000f5180000,0x00000000f7f00000)
 ParOldGen       total 138240K, used 72912K [0x00000000ca000000, 0x00000000d2700000, 0x00000000ee000000)
  object space 138240K, 52% used [0x00000000ca000000,0x00000000ce7342b8,0x00000000d2700000)
 PSPermGen       total 45056K, used 19926K [0x00000000c4e00000, 0x00000000c7a00000, 0x00000000ca000000)
  object space 45056K, 44% used [0x00000000c4e00000,0x00000000c6175aa0,0x00000000c7a00000)
Event: 6.012 GC heap after
Heap after GC invocations=10 (full 2):
 PSYoungGen      total 103936K, used 46592K [0x00000000ee000000, 0x00000000f8b00000, 0x0000000100000000)
  eden space 57344K, 0% used [0x00000000ee000000,0x00000000ee000000,0x00000000f1800000)
  from space 46592K, 100% used [0x00000000f5180000,0x00000000f7f00000,0x00000000f7f00000)
  to   space 58880K, 0% used [0x00000000f1800000,0x00000000f1800000,0x00000000f5180000)
 ParOldGen       total 138240K, used 79080K [0x00000000ca000000, 0x00000000d2700000, 0x00000000ee000000)
  object space 138240K, 57% used [0x00000000ca000000,0x00000000ced3a128,0x00000000d2700000)
 PSPermGen       total 45056K, used 19926K [0x00000000c4e00000, 0x00000000c7a00000, 0x00000000ca000000)
  object space 45056K, 44% used [0x00000000c4e00000,0x00000000c6175aa0,0x00000000c7a00000)
}
Event: 6.509 GC heap before
{Heap before GC invocations=11 (full 2):
 PSYoungGen      total 103936K, used 103936K [0x00000000ee000000, 0x00000000f8b00000, 0x0000000100000000)
  eden space 57344K, 100% used [0x00000000ee000000,0x00000000f1800000,0x00000000f1800000)
  from space 46592K, 100% used [0x00000000f5180000,0x00000000f7f00000,0x00000000f7f00000)
  to   space 58880K, 0% used [0x00000000f1800000,0x00000000f1800000,0x00000000f5180000)
 ParOldGen       total 138240K, used 79080K [0x00000000ca000000, 0x00000000d2700000, 0x00000000ee000000)
  object space 138240K, 57% used [0x00000000ca000000,0x00000000ced3a128,0x00000000d2700000)
 PSPermGen       total 45056K, used 19926K [0x00000000c4e00000, 0x00000000c7a00000, 0x00000000ca000000)
  object space 45056K, 44% used [0x00000000c4e00000,0x00000000c6175aa0,0x00000000c7a00000)

Deoptimization events (10 events):
Event: 2.963 Thread 0x00007fef60101000 Uncommon trap: reason=bimorphic action=maybe_recompile pc=0x00007fefa10b15c4 method=java.util.Collections$UnmodifiableList.get(I)Ljava/lang/Object; @ 5
Event: 3.075 Thread 0x00007fef60101000 Uncommon trap: reason=null_check action=make_not_entrant pc=0x00007fefa10eff74 method=java.util.LinkedHashMap.get(Ljava/lang/Object;)Ljava/lang/Object; @ 5
Event: 3.115 Thread 0x00007fef60101000 Uncommon trap: reason=null_check action=make_not_entrant pc=0x00007fefa10dc19c method=com.sun.javafx.css.SimpleSelector.mightApply(Ljava/lang/String;Ljava/lang/String;Ljava/util/List;)Z @ 29
Event: 3.125 Thread 0x00007fef60101000 Uncommon trap: reason=unreached action=reinterpret pc=0x00007fefa1103bf4 method=java.net.URL.<init>(Ljava/net/URL;Ljava/lang/String;Ljava/net/URLStreamHandler;)V @ 347
Event: 3.156 Thread 0x00007fef60101000 Uncommon trap: reason=bimorphic action=maybe_recompile pc=0x00007fefa10c5000 method=java.util.Properties$LineReader.readLine()I @ 62
Event: 3.156 Thread 0x00007fef60101000 Uncommon trap: reason=bimorphic action=maybe_recompile pc=0x00007fefa10c5000 method=java.util.Properties$LineReader.readLine()I @ 62
Event: 3.379 Thread 0x00007fef60101000 Uncommon trap: reason=predicate action=maybe_recompile pc=0x00007fefa10fd9b0 method=java.util.Arrays.fill([Ljava/lang/Object;Ljava/lang/Object;)V @ 10
Event: 4.408 Thread 0x00007fef44194000 Uncommon trap: reason=unreached action=reinterpret pc=0x00007fefa110e780 method=java.lang.Object.equals(Ljava/lang/Object;)Z @ 2
Event: 4.430 Thread 0x00007fef60101000 Uncommon trap: reason=null_check action=make_not_entrant pc=0x00007fefa106e94c method=javafx.beans.property.StringPropertyBase.set(Ljava/lang/String;)V @ 36
Event: 4.574 Thread 0x00007fef60101000 Uncommon trap: reason=unreached action=reinterpret pc=0x00007fefa110d330 method=com.sun.javafx.binding.ExpressionHelperBase.trim(I[Ljava/lang/Object;)I @ 27

Internal exceptions (10 events):
Event: 3.472 Thread 0x00007fef60101000 Threw 0x00000000ee23e1c0 at /HUDSON/workspace/7u-2-build-linux-amd64@2/jdk7u51/527/hotspot/src/share/vm/prims/jvm.cpp:1244
Event: 3.473 Thread 0x00007fef60101000 Threw 0x00000000ee2413c8 at /HUDSON/workspace/7u-2-build-linux-amd64@2/jdk7u51/527/hotspot/src/share/vm/prims/jvm.cpp:1244
Event: 3.473 Thread 0x00007fef60101000 Threw 0x00000000ee2432a8 at /HUDSON/workspace/7u-2-build-linux-amd64@2/jdk7u51/527/hotspot/src/share/vm/prims/jvm.cpp:1244
Event: 3.474 Thread 0x00007fef60101000 Threw 0x00000000ee245278 at /HUDSON/workspace/7u-2-build-linux-amd64@2/jdk7u51/527/hotspot/src/share/vm/prims/jvm.cpp:1244
Event: 3.474 Thread 0x00007fef60101000 Threw 0x00000000ee247118 at /HUDSON/workspace/7u-2-build-linux-amd64@2/jdk7u51/527/hotspot/src/share/vm/prims/jvm.cpp:1244
Event: 3.474 Thread 0x00007fef60101000 Threw 0x00000000ee249630 at /HUDSON/workspace/7u-2-build-linux-amd64@2/jdk7u51/527/hotspot/src/share/vm/prims/jvm.cpp:1244
Event: 3.836 Thread 0x00007fef60101000 Threw 0x00000000eed1a130 at /HUDSON/workspace/7u-2-build-linux-amd64@2/jdk7u51/527/hotspot/src/share/vm/prims/jvm.cpp:1244
Event: 4.430 Thread 0x00007fef60101000 Implicit null exception at 0x00007fefa106e7df to 0x00007fefa106e93e
Event: 4.460 Thread 0x00007fef60101000 Threw 0x00000000ee3c2990 at /HUDSON/workspace/7u-2-build-linux-amd64@2/jdk7u51/527/hotspot/src/share/vm/prims/jvm.cpp:1244
Event: 4.473 Thread 0x00007fef60101000 Threw 0x00000000ee465c88 at /HUDSON/workspace/7u-2-build-linux-amd64@2/jdk7u51/527/hotspot/src/share/vm/prims/jvm.cpp:1244

Events (10 events):
Event: 4.757 Executing VM operation: RevokeBias done
Event: 4.757 Executing VM operation: RevokeBias
Event: 4.757 Executing VM operation: RevokeBias done
Event: 4.758 Thread 0x00007fefa4091800 flushing nmethod 0x00007fefa10afed0
Event: 4.760 Thread 0x00007fefa4091800 flushing nmethod 0x00007fefa10f0210
Event: 4.974 Executing VM operation: ParallelGCFailedAllocation
Event: 5.635 Executing VM operation: ParallelGCFailedAllocation done
Event: 5.903 Executing VM operation: ParallelGCFailedAllocation
Event: 6.012 Executing VM operation: ParallelGCFailedAllocation done
Event: 6.508 Executing VM operation: ParallelGCFailedAllocation


Dynamic libraries:
00400000-00401000 r-xp 00000000 08:04 578177                             /usr/lib/jvm/java-7-oracle/bin/java
00600000-00601000 rw-p 00000000 08:04 578177                             /usr/lib/jvm/java-7-oracle/bin/java
025a6000-025c7000 rw-p 00000000 00:00 0                                  [heap]
c4e00000-c7a00000 rw-p 00000000 00:00 0 
c7a00000-ca000000 rw-p 00000000 00:00 0 
ca000000-d2700000 rw-p 00000000 00:00 0 
d2700000-ee000000 rw-p 00000000 00:00 0 
ee000000-f8b00000 rw-p 00000000 00:00 0 
fca80000-100000000 rw-p 00000000 00:00 0 
7fef38000000-7fef38021000 rw-p 00000000 00:00 0 
7fef38021000-7fef3c000000 ---p 00000000 00:00 0 
7fef3c000000-7fef3c021000 rw-p 00000000 00:00 0 
7fef3c021000-7fef40000000 ---p 00000000 00:00 0 
7fef40000000-7fef40021000 rw-p 00000000 00:00 0 
7fef40021000-7fef44000000 ---p 00000000 00:00 0 
7fef44000000-7fef442d0000 rw-p 00000000 00:00 0 
7fef442d0000-7fef48000000 ---p 00000000 00:00 0 
7fef48000000-7fef48022000 rw-p 00000000 00:00 0 
7fef48022000-7fef4c000000 ---p 00000000 00:00 0 
7fef4c000000-7fef4c022000 rw-p 00000000 00:00 0 
7fef4c022000-7fef50000000 ---p 00000000 00:00 0 
7fef515b6000-7fef5161e000 r-xp 00000000 08:04 698885                     /usr/lib/jvm/java-7-oracle/jre/lib/amd64/libt2k.so
7fef5161e000-7fef5181e000 ---p 00068000 08:04 698885                     /usr/lib/jvm/java-7-oracle/jre/lib/amd64/libt2k.so
7fef5181e000-7fef51825000 rw-p 00068000 08:04 698885                     /usr/lib/jvm/java-7-oracle/jre/lib/amd64/libt2k.so
7fef51825000-7fef51835000 rw-p 00000000 00:00 0 
7fef51835000-7fef5189a000 r-xp 00000000 08:04 687327                     /usr/lib/jvm/java-7-oracle/jre/lib/amd64/libfontmanager.so
7fef5189a000-7fef51a99000 ---p 00065000 08:04 687327                     /usr/lib/jvm/java-7-oracle/jre/lib/amd64/libfontmanager.so
7fef51a99000-7fef51a9d000 rw-p 00064000 08:04 687327                     /usr/lib/jvm/java-7-oracle/jre/lib/amd64/libfontmanager.so
7fef51a9d000-7fef51aae000 rw-p 00000000 00:00 0 
7fef51aae000-7fef51ad8000 r-xp 00000000 08:04 698907                     /usr/lib/jvm/java-7-oracle/jre/lib/amd64/libdcpr.so
7fef51ad8000-7fef51cd8000 ---p 0002a000 08:04 698907                     /usr/lib/jvm/java-7-oracle/jre/lib/amd64/libdcpr.so
7fef51cd8000-7fef51cdb000 rw-p 0002a000 08:04 698907                     /usr/lib/jvm/java-7-oracle/jre/lib/amd64/libdcpr.so
7fef51cdb000-7fef51cde000 ---p 00000000 00:00 0 
7fef51cde000-7fef51ddc000 rw-p 00000000 00:00 0                          [stack:9709]
7fef51ddc000-7fef51e2c000 r-xp 00000000 08:04 695641                     /usr/lib/jvm/java-7-oracle/jre/lib/amd64/xawt/libmawt.so
7fef51e2c000-7fef5202c000 ---p 00050000 08:04 695641                     /usr/lib/jvm/java-7-oracle/jre/lib/amd64/xawt/libmawt.so
7fef5202c000-7fef52030000 rw-p 00050000 08:04 695641                     /usr/lib/jvm/java-7-oracle/jre/lib/amd64/xawt/libmawt.so
7fef52030000-7fef52031000 rw-p 00000000 00:00 0 
7fef52031000-7fef520d3000 r-xp 00000000 08:04 698912                     /usr/lib/jvm/java-7-oracle/jre/lib/amd64/libawt.so
7fef520d3000-7fef522d3000 ---p 000a2000 08:04 698912                     /usr/lib/jvm/java-7-oracle/jre/lib/amd64/libawt.so
7fef522d3000-7fef522df000 rw-p 000a2000 08:04 698912                     /usr/lib/jvm/java-7-oracle/jre/lib/amd64/libawt.so
7fef522df000-7fef52303000 rw-p 00000000 00:00 0 
7fef52303000-7fef52306000 ---p 00000000 00:00 0 
7fef52306000-7fef52404000 rw-p 00000000 00:00 0                          [stack:9708]
7fef52404000-7fef5245c000 r-xp 00000000 08:04 698909                     /usr/lib/jvm/java-7-oracle/jre/lib/amd64/libjavafx-font.so
7fef5245c000-7fef5265b000 ---p 00058000 08:04 698909                     /usr/lib/jvm/java-7-oracle/jre/lib/amd64/libjavafx-font.so
7fef5265b000-7fef52660000 r--p 00057000 08:04 698909                     /usr/lib/jvm/java-7-oracle/jre/lib/amd64/libjavafx-font.so
7fef52660000-7fef52661000 rw-p 0005c000 08:04 698909                     /usr/lib/jvm/java-7-oracle/jre/lib/amd64/libjavafx-font.so
7fef52661000-7fef52662000 rw-p 00000000 00:00 0 
7fef52662000-7fef52665000 ---p 00000000 00:00 0 
7fef52665000-7fef52763000 rw-p 00000000 00:00 0                          [stack:9701]
7fef52763000-7fef52769000 r-xp 00000000 08:04 403144                     /usr/lib/x86_64-linux-gnu/libogg.so.0.7.1
7fef52769000-7fef52968000 ---p 00006000 08:04 403144                     /usr/lib/x86_64-linux-gnu/libogg.so.0.7.1
7fef52968000-7fef52969000 r--p 00005000 08:04 403144                     /usr/lib/x86_64-linux-gnu/libogg.so.0.7.1
7fef52969000-7fef5296a000 rw-p 00006000 08:04 403144                     /usr/lib/x86_64-linux-gnu/libogg.so.0.7.1
7fef5296a000-7fef52995000 r-xp 00000000 08:04 403294                     /usr/lib/x86_64-linux-gnu/libvorbis.so.0.4.5
7fef52995000-7fef52b94000 ---p 0002b000 08:04 403294                     /usr/lib/x86_64-linux-gnu/libvorbis.so.0.4.5
7fef52b94000-7fef52b95000 r--p 0002a000 08:04 403294                     /usr/lib/x86_64-linux-gnu/libvorbis.so.0.4.5
7fef52b95000-7fef52b96000 rw-p 0002b000 08:04 403294                     /usr/lib/x86_64-linux-gnu/libvorbis.so.0.4.5
7fef52b96000-7fef52b9e000 r-xp 00000000 08:04 403102                     /usr/lib/x86_64-linux-gnu/libltdl.so.7.3.0
7fef52b9e000-7fef52d9e000 ---p 00008000 08:04 403102                     /usr/lib/x86_64-linux-gnu/libltdl.so.7.3.0
7fef52d9e000-7fef52d9f000 r--p 00008000 08:04 403102                     /usr/lib/x86_64-linux-gnu/libltdl.so.7.3.0
7fef52d9f000-7fef52da0000 rw-p 00009000 08:04 403102                     /usr/lib/x86_64-linux-gnu/libltdl.so.7.3.0
7fef52da0000-7fef52db0000 r-xp 00000000 08:04 403269                     /usr/lib/x86_64-linux-gnu/libtdb.so.1.2.9
7fef52db0000-7fef52faf000 ---p 00010000 08:04 403269                     /usr/lib/x86_64-linux-gnu/libtdb.so.1.2.9
7fef52faf000-7fef52fb0000 r--p 0000f000 08:04 403269                     /usr/lib/x86_64-linux-gnu/libtdb.so.1.2.9
7fef52fb0000-7fef52fb1000 rw-p 00010000 08:04 403269                     /usr/lib/x86_64-linux-gnu/libtdb.so.1.2.9
7fef52fb1000-7fef52fb8000 r-xp 00000000 08:04 403298                     /usr/lib/x86_64-linux-gnu/libvorbisfile.so.3.3.4
7fef52fb8000-7fef531b7000 ---p 00007000 08:04 403298                     /usr/lib/x86_64-linux-gnu/libvorbisfile.so.3.3.4
7fef531b7000-7fef531b8000 r--p 00006000 08:04 403298                     /usr/lib/x86_64-linux-gnu/libvorbisfile.so.3.3.4
7fef531b8000-7fef531b9000 rw-p 00007000 08:04 403298                     /usr/lib/x86_64-linux-gnu/libvorbisfile.so.3.3.4
7fef531b9000-7fef531c8000 r-xp 00000000 08:04 402827                     /usr/lib/x86_64-linux-gnu/libcanberra.so.0.2.5
7fef531c8000-7fef533c7000 ---p 0000f000 08:04 402827                     /usr/lib/x86_64-linux-gnu/libcanberra.so.0.2.5
7fef533c7000-7fef533c8000 r--p 0000e000 08:04 402827                     /usr/lib/x86_64-linux-gnu/libcanberra.so.0.2.5
7fef533c8000-7fef533c9000 rw-p 0000f000 08:04 402827                     /usr/lib/x86_64-linux-gnu/libcanberra.so.0.2.5
7fef533c9000-7fef533cd000 r-xp 00000000 08:04 402823                     /usr/lib/x86_64-linux-gnu/libcanberra-gtk.so.0.1.8
7fef533cd000-7fef535cc000 ---p 00004000 08:04 402823                     /usr/lib/x86_64-linux-gnu/libcanberra-gtk.so.0.1.8
7fef535cc000-7fef535cd000 r--p 00003000 08:04 402823                     /usr/lib/x86_64-linux-gnu/libcanberra-gtk.so.0.1.8
7fef535cd000-7fef535ce000 rw-p 00004000 08:04 402823                     /usr/lib/x86_64-linux-gnu/libcanberra-gtk.so.0.1.8
7fef535ce000-7fef535fd000 r-xp 00000000 08:04 530132                     /usr/lib/x86_64-linux-gnu/gtk-2.0/2.10.0/engines/libmurrine.so
7fef535fd000-7fef537fd000 ---p 0002f000 08:04 530132                     /usr/lib/x86_64-linux-gnu/gtk-2.0/2.10.0/engines/libmurrine.so
7fef537fd000-7fef537fe000 r--p 0002f000 08:04 530132                     /usr/lib/x86_64-linux-gnu/gtk-2.0/2.10.0/engines/libmurrine.so
7fef537fe000-7fef537ff000 rw-p 00030000 08:04 530132                     /usr/lib/x86_64-linux-gnu/gtk-2.0/2.10.0/engines/libmurrine.so
7fef537ff000-7fef53800000 ---p 00000000 00:00 0 
7fef53800000-7fef54000000 rw-p 00000000 00:00 0                          [stack:9699]
7fef54000000-7fef543b0000 rw-p 00000000 00:00 0 
7fef543b0000-7fef58000000 ---p 00000000 00:00 0 
7fef58000000-7fef58021000 rw-p 00000000 00:00 0 
7fef58021000-7fef5c000000 ---p 00000000 00:00 0 
7fef5c000000-7fef5c021000 rw-p 00000000 00:00 0 
7fef5c021000-7fef60000000 ---p 00000000 00:00 0 
7fef60000000-7fef60106000 rw-p 00000000 00:00 0 
7fef60106000-7fef64000000 ---p 00000000 00:00 0 
7fef64000000-7fef64021000 rw-p 00000000 00:00 0 
7fef64021000-7fef68000000 ---p 00000000 00:00 0 
7fef68000000-7fef68021000 rw-p 00000000 00:00 0 
7fef68021000-7fef6c000000 ---p 00000000 00:00 0 
7fef6c000000-7fef6cc67000 rw-p 00000000 00:00 0 
7fef6cc67000-7fef70000000 ---p 00000000 00:00 0 
7fef70000000-7fef706bc000 rw-p 00000000 00:00 0 
7fef706bc000-7fef74000000 ---p 00000000 00:00 0 
7fef74000000-7fef74021000 rw-p 00000000 00:00 0 
7fef74021000-7fef78000000 ---p 00000000 00:00 0 
7fef78000000-7fef78021000 rw-p 00000000 00:00 0 
7fef78021000-7fef7c000000 ---p 00000000 00:00 0 
7fef7c000000-7fef7c27b000 rw-p 00000000 00:00 0 
7fef7c27b000-7fef80000000 ---p 00000000 00:00 0 
7fef80000000-7fef80021000 rw-p 00000000 00:00 0 
7fef80021000-7fef84000000 ---p 00000000 00:00 0 
7fef84000000-7fef84021000 rw-p 00000000 00:00 0 
7fef84021000-7fef88000000 ---p 00000000 00:00 0 
7fef88028000-7fef8802d000 r-xp 00000000 08:04 530154                     /usr/lib/x86_64-linux-gnu/gtk-2.0/modules/libcanberra-gtk-module.so
7fef8802d000-7fef8822c000 ---p 00005000 08:04 530154                     /usr/lib/x86_64-linux-gnu/gtk-2.0/modules/libcanberra-gtk-module.so
7fef8822c000-7fef8822d000 r--p 00004000 08:04 530154                     /usr/lib/x86_64-linux-gnu/gtk-2.0/modules/libcanberra-gtk-module.so
7fef8822d000-7fef8822e000 rw-p 00005000 08:04 530154                     /usr/lib/x86_64-linux-gnu/gtk-2.0/modules/libcanberra-gtk-module.so
7fef8822e000-7fef8823a000 r-xp 00000000 08:04 530131                     /usr/lib/x86_64-linux-gnu/gtk-2.0/2.10.0/engines/libmist.so
7fef8823a000-7fef88439000 ---p 0000c000 08:04 530131                     /usr/lib/x86_64-linux-gnu/gtk-2.0/2.10.0/engines/libmist.so
7fef88439000-7fef8843a000 r--p 0000b000 08:04 530131                     /usr/lib/x86_64-linux-gnu/gtk-2.0/2.10.0/engines/libmist.so
7fef8843a000-7fef8843b000 rw-p 0000c000 08:04 530131                     /usr/lib/x86_64-linux-gnu/gtk-2.0/2.10.0/engines/libmist.so
7fef8843b000-7fef88444000 r-xp 00000000 08:04 534714                     /usr/lib/x86_64-linux-gnu/gtk-2.0/2.10.0/engines/libpixmap.so
7fef88444000-7fef88644000 ---p 00009000 08:04 534714                     /usr/lib/x86_64-linux-gnu/gtk-2.0/2.10.0/engines/libpixmap.so
7fef88644000-7fef88645000 r--p 00009000 08:04 534714                     /usr/lib/x86_64-linux-gnu/gtk-2.0/2.10.0/engines/libpixmap.so
7fef88645000-7fef88646000 rw-p 0000a000 08:04 534714                     /usr/lib/x86_64-linux-gnu/gtk-2.0/2.10.0/engines/libpixmap.so
7fef88646000-7fef88647000 ---p 00000000 00:00 0 
7fef88647000-7fef88e47000 rw-p 00000000 00:00 0                          [stack:9698]
7fef88e47000-7fef88e4e000 r-xp 00000000 08:04 529994                     /usr/lib/x86_64-linux-gnu/gio/modules/libdconfsettings.so
7fef88e4e000-7fef8904d000 ---p 00007000 08:04 529994                     /usr/lib/x86_64-linux-gnu/gio/modules/libdconfsettings.so
7fef8904d000-7fef8904e000 r--p 00006000 08:04 529994                     /usr/lib/x86_64-linux-gnu/gio/modules/libdconfsettings.so
7fef8904e000-7fef8904f000 rw-p 00007000 08:04 529994                     /usr/lib/x86_64-linux-gnu/gio/modules/libdconfsettings.so
7fef8904f000-7fef8905f000 r-xp 00000000 08:04 397237                     /usr/lib/liboverlay-scrollbar-0.2.so.0.0.16
7fef8905f000-7fef8925e000 ---p 00010000 08:04 397237                     /usr/lib/liboverlay-scrollbar-0.2.so.0.0.16
7fef8925e000-7fef8925f000 r--p 0000f000 08:04 397237                     /usr/lib/liboverlay-scrollbar-0.2.so.0.0.16
7fef8925f000-7fef89260000 rw-p 00010000 08:04 397237                     /usr/lib/liboverlay-scrollbar-0.2.so.0.0.16
7fef89260000-7fef8929c000 r-xp 00000000 08:04 660870                     /lib/x86_64-linux-gnu/libpcre.so.3.12.1
7fef8929c000-7fef8949b000 ---p 0003c000 08:04 660870                     /lib/x86_64-linux-gnu/libpcre.so.3.12.1
7fef8949b000-7fef8949c000 r--p 0003b000 08:04 660870                     /lib/x86_64-linux-gnu/libpcre.so.3.12.1
7fef8949c000-7fef8949d000 rw-p 0003c000 08:04 660870                     /lib/x86_64-linux-gnu/libpcre.so.3.12.1
7fef8949d000-7fef894a4000 r-xp 00000000 08:04 402911                     /usr/lib/x86_64-linux-gnu/libffi.so.6.0.0
7fef894a4000-7fef896a3000 ---p 00007000 08:04 402911                     /usr/lib/x86_64-linux-gnu/libffi.so.6.0.0
7fef896a3000-7fef896a4000 r--p 00006000 08:04 402911                     /usr/lib/x86_64-linux-gnu/libffi.so.6.0.0
7fef896a4000-7fef896a5000 rw-p 00007000 08:04 402911                     /usr/lib/x86_64-linux-gnu/libffi.so.6.0.0
7fef896a5000-7fef896ad000 r-xp 00000000 08:04 403317                     /usr/lib/x86_64-linux-gnu/libxcb-render.so.0.0.0
7fef896ad000-7fef898ad000 ---p 00008000 08:04 403317                     /usr/lib/x86_64-linux-gnu/libxcb-render.so.0.0.0
7fef898ad000-7fef898ae000 r--p 00008000 08:04 403317                     /usr/lib/x86_64-linux-gnu/libxcb-render.so.0.0.0
7fef898ae000-7fef898af000 rw-p 00009000 08:04 403317                     /usr/lib/x86_64-linux-gnu/libxcb-render.so.0.0.0
7fef898af000-7fef898b1000 r-xp 00000000 08:04 403321                     /usr/lib/x86_64-linux-gnu/libxcb-shm.so.0.0.0
7fef898b1000-7fef89ab0000 ---p 00002000 08:04 403321                     /usr/lib/x86_64-linux-gnu/libxcb-shm.so.0.0.0
7fef89ab0000-7fef89ab1000 r--p 00001000 08:04 403321                     /usr/lib/x86_64-linux-gnu/libxcb-shm.so.0.0.0
7fef89ab1000-7fef89ab2000 rw-p 00002000 08:04 403321                     /usr/lib/x86_64-linux-gnu/libxcb-shm.so.0.0.0
7fef89ab2000-7fef89ad8000 r-xp 00000000 08:04 660874                     /lib/x86_64-linux-gnu/libpng12.so.0.46.0
7fef89ad8000-7fef89cd8000 ---p 00026000 08:04 660874                     /lib/x86_64-linux-gnu/libpng12.so.0.46.0
7fef89cd8000-7fef89cd9000 r--p 00026000 08:04 660874                     /lib/x86_64-linux-gnu/libpng12.so.0.46.0
7fef89cd9000-7fef89cda000 rw-p 00027000 08:04 660874                     /lib/x86_64-linux-gnu/libpng12.so.0.46.0
7fef89cda000-7fef89d6a000 r-xp 00000000 08:04 400391                     /usr/lib/x86_64-linux-gnu/libpixman-1.so.0.30.2
7fef89d6a000-7fef89f69000 ---p 00090000 08:04 400391                     /usr/lib/x86_64-linux-gnu/libpixman-1.so.0.30.2
7fef89f69000-7fef89f70000 r--p 0008f000 08:04 400391                     /usr/lib/x86_64-linux-gnu/libpixman-1.so.0.30.2
7fef89f70000-7fef89f71000 rw-p 00096000 08:04 400391                     /usr/lib/x86_64-linux-gnu/libpixman-1.so.0.30.2
7fef89f71000-7fef89f89000 r-xp 00000000 08:04 669948                     /lib/x86_64-linux-gnu/libresolv-2.15.so
7fef89f89000-7fef8a189000 ---p 00018000 08:04 669948                     /lib/x86_64-linux-gnu/libresolv-2.15.so
7fef8a189000-7fef8a18a000 r--p 00018000 08:04 669948                     /lib/x86_64-linux-gnu/libresolv-2.15.so
7fef8a18a000-7fef8a18b000 rw-p 00019000 08:04 669948                     /lib/x86_64-linux-gnu/libresolv-2.15.so
7fef8a18b000-7fef8a18d000 rw-p 00000000 00:00 0 
7fef8a18d000-7fef8a1aa000 r-xp 00000000 08:04 660885                     /lib/x86_64-linux-gnu/libselinux.so.1
7fef8a1aa000-7fef8a3a9000 ---p 0001d000 08:04 660885                     /lib/x86_64-linux-gnu/libselinux.so.1
7fef8a3a9000-7fef8a3aa000 r--p 0001c000 08:04 660885                     /lib/x86_64-linux-gnu/libselinux.so.1
7fef8a3aa000-7fef8a3ab000 rw-p 0001d000 08:04 660885                     /lib/x86_64-linux-gnu/libselinux.so.1
7fef8a3ab000-7fef8a3ac000 rw-p 00000000 00:00 0 
7fef8a3ac000-7fef8a3ae000 r-xp 00000000 08:04 402723                     /usr/lib/x86_64-linux-gnu/libXcomposite.so.1.0.0
7fef8a3ae000-7fef8a5ad000 ---p 00002000 08:04 402723                     /usr/lib/x86_64-linux-gnu/libXcomposite.so.1.0.0
7fef8a5ad000-7fef8a5ae000 r--p 00001000 08:04 402723                     /usr/lib/x86_64-linux-gnu/libXcomposite.so.1.0.0
7fef8a5ae000-7fef8a5af000 rw-p 00002000 08:04 402723                     /usr/lib/x86_64-linux-gnu/libXcomposite.so.1.0.0
7fef8a5af000-7fef8a5b8000 r-xp 00000000 08:04 402725                     /usr/lib/x86_64-linux-gnu/libXcursor.so.1.0.2
7fef8a5b8000-7fef8a7b7000 ---p 00009000 08:04 402725                     /usr/lib/x86_64-linux-gnu/libXcursor.so.1.0.2
7fef8a7b7000-7fef8a7b8000 r--p 00008000 08:04 402725                     /usr/lib/x86_64-linux-gnu/libXcursor.so.1.0.2
7fef8a7b8000-7fef8a7b9000 rw-p 00009000 08:04 402725                     /usr/lib/x86_64-linux-gnu/libXcursor.so.1.0.2
7fef8a7b9000-7fef8a7c0000 r-xp 00000000 08:04 402749                     /usr/lib/x86_64-linux-gnu/libXrandr.so.2.2.0
7fef8a7c0000-7fef8a9bf000 ---p 00007000 08:04 402749                     /usr/lib/x86_64-linux-gnu/libXrandr.so.2.2.0
7fef8a9bf000-7fef8a9c0000 r--p 00006000 08:04 402749                     /usr/lib/x86_64-linux-gnu/libXrandr.so.2.2.0
7fef8a9c0000-7fef8a9c1000 rw-p 00007000 08:04 402749                     /usr/lib/x86_64-linux-gnu/libXrandr.so.2.2.0
7fef8a9c1000-7fef8a9d0000 r-xp 00000000 08:04 400383                     /usr/lib/x86_64-linux-gnu/libXi.so.6.1.0
7fef8a9d0000-7fef8abcf000 ---p 0000f000 08:04 400383                     /usr/lib/x86_64-linux-gnu/libXi.so.6.1.0
7fef8abcf000-7fef8abd0000 r--p 0000e000 08:04 400383                     /usr/lib/x86_64-linux-gnu/libXi.so.6.1.0
7fef8abd0000-7fef8abd1000 rw-p 0000f000 08:04 400383                     /usr/lib/x86_64-linux-gnu/libXi.so.6.1.0
7fef8abd1000-7fef8abd3000 r-xp 00000000 08:04 402739                     /usr/lib/x86_64-linux-gnu/libXinerama.so.1.0.0
7fef8abd3000-7fef8add2000 ---p 00002000 08:04 402739                     /usr/lib/x86_64-linux-gnu/libXinerama.so.1.0.0
7fef8add2000-7fef8add3000 r--p 00001000 08:04 402739                     /usr/lib/x86_64-linux-gnu/libXinerama.so.1.0.0
7fef8add3000-7fef8add4000 rw-p 00002000 08:04 402739                     /usr/lib/x86_64-linux-gnu/libXinerama.so.1.0.0
7fef8add4000-7fef8addd000 r-xp 00000000 08:04 402753                     /usr/lib/x86_64-linux-gnu/libXrender.so.1.3.0
7fef8addd000-7fef8afdc000 ---p 00009000 08:04 402753                     /usr/lib/x86_64-linux-gnu/libXrender.so.1.3.0
7fef8afdc000-7fef8afdd000 r--p 00008000 08:04 402753                     /usr/lib/x86_64-linux-gnu/libXrender.so.1.3.0
7fef8afdd000-7fef8afde000 rw-p 00009000 08:04 402753                     /usr/lib/x86_64-linux-gnu/libXrender.so.1.3.0
7fef8afde000-7fef8afe3000 r-xp 00000000 08:04 402757                     /usr/lib/x86_64-linux-gnu/libXtst.so.6.1.0
7fef8afe3000-7fef8b1e2000 ---p 00005000 08:04 402757                     /usr/lib/x86_64-linux-gnu/libXtst.so.6.1.0
7fef8b1e2000-7fef8b1e3000 r--p 00004000 08:04 402757                     /usr/lib/x86_64-linux-gnu/libXtst.so.6.1.0
7fef8b1e3000-7fef8b1e4000 rw-p 00005000 08:04 402757                     /usr/lib/x86_64-linux-gnu/libXtst.so.6.1.0
7fef8b1e4000-7fef8b2d6000 r-xp 00000000 08:04 661214                     /lib/x86_64-linux-gnu/libglib-2.0.so.0.3200.4
7fef8b2d6000-7fef8b4d6000 ---p 000f2000 08:04 661214                     /lib/x86_64-linux-gnu/libglib-2.0.so.0.3200.4
7fef8b4d6000-7fef8b4d7000 r--p 000f2000 08:04 661214                     /lib/x86_64-linux-gnu/libglib-2.0.so.0.3200.4
7fef8b4d7000-7fef8b4d8000 rw-p 000f3000 08:04 661214                     /lib/x86_64-linux-gnu/libglib-2.0.so.0.3200.4
7fef8b4d8000-7fef8b4d9000 rw-p 00000000 00:00 0 
7fef8b4d9000-7fef8b4da000 r-xp 00000000 08:04 396169                     /usr/lib/x86_64-linux-gnu/libgthread-2.0.so.0.3200.4
7fef8b4da000-7fef8b6d9000 ---p 00001000 08:04 396169                     /usr/lib/x86_64-linux-gnu/libgthread-2.0.so.0.3200.4
7fef8b6d9000-7fef8b6da000 r--p 00000000 08:04 396169                     /usr/lib/x86_64-linux-gnu/libgthread-2.0.so.0.3200.4
7fef8b6da000-7fef8b6db000 rw-p 00001000 08:04 396169                     /usr/lib/x86_64-linux-gnu/libgthread-2.0.so.0.3200.4
7fef8b6db000-7fef8b6de000 r-xp 00000000 08:04 396168                     /usr/lib/x86_64-linux-gnu/libgmodule-2.0.so.0.3200.4
7fef8b6de000-7fef8b8dd000 ---p 00003000 08:04 396168                     /usr/lib/x86_64-linux-gnu/libgmodule-2.0.so.0.3200.4
7fef8b8dd000-7fef8b8de000 r--p 00002000 08:04 396168                     /usr/lib/x86_64-linux-gnu/libgmodule-2.0.so.0.3200.4
7fef8b8de000-7fef8b8df000 rw-p 00003000 08:04 396168                     /usr/lib/x86_64-linux-gnu/libgmodule-2.0.so.0.3200.4
7fef8b8df000-7fef8b92c000 r-xp 00000000 08:04 396172                     /usr/lib/x86_64-linux-gnu/libgobject-2.0.so.0.3200.4
7fef8b92c000-7fef8bb2c000 ---p 0004d000 08:04 396172                     /usr/lib/x86_64-linux-gnu/libgobject-2.0.so.0.3200.4
7fef8bb2c000-7fef8bb2d000 r--p 0004d000 08:04 396172                     /usr/lib/x86_64-linux-gnu/libgobject-2.0.so.0.3200.4
7fef8bb2d000-7fef8bb2e000 rw-p 0004e000 08:04 396172                     /usr/lib/x86_64-linux-gnu/libgobject-2.0.so.0.3200.4
7fef8bb2e000-7fef8bb62000 r-xp 00000000 08:04 402913                     /usr/lib/x86_64-linux-gnu/libfontconfig.so.1.4.4
7fef8bb62000-7fef8bd62000 ---p 00034000 08:04 402913                     /usr/lib/x86_64-linux-gnu/libfontconfig.so.1.4.4
7fef8bd62000-7fef8bd63000 r--p 00034000 08:04 402913                     /usr/lib/x86_64-linux-gnu/libfontconfig.so.1.4.4
7fef8bd63000-7fef8bd64000 rw-p 00035000 08:04 402913                     /usr/lib/x86_64-linux-gnu/libfontconfig.so.1.4.4
7fef8bd64000-7fef8bdfa000 r-xp 00000000 08:04 402921                     /usr/lib/x86_64-linux-gnu/libfreetype.so.6.8.0
7fef8bdfa000-7fef8bff9000 ---p 00096000 08:04 402921                     /usr/lib/x86_64-linux-gnu/libfreetype.so.6.8.0
7fef8bff9000-7fef8bfff000 r--p 00095000 08:04 402921                     /usr/lib/x86_64-linux-gnu/libfreetype.so.6.8.0
7fef8bfff000-7fef8c000000 rw-p 0009b000 08:04 402921                     /usr/lib/x86_64-linux-gnu/libfreetype.so.6.8.0
7fef8c000000-7fef8c021000 rw-p 00000000 00:00 0 
7fef8c021000-7fef90000000 ---p 00000000 00:00 0 
7fef90031000-7fef90035000 r--s 000f7000 08:04 679033                     /usr/lib/jvm/java-7-oracle/jre/lib/ext/localedata.jar
7fef90084000-7fef90085000 rw-p 00000000 00:00 0 
7fef90085000-7fef90086000 r--s 00000000 08:04 814605                     /var/cache/fontconfig/c05880de57d1f5e948fdfacc138775d9-le64.cache-3
7fef90086000-7fef9008f000 r--s 00000000 08:04 814600                     /var/cache/fontconfig/945677eb7aeaf62f1d50efc3fb3ec7d8-le64.cache-3
7fef9008f000-7fef90091000 r--s 00000000 08:04 814601                     /var/cache/fontconfig/99e8ed0e538f840c565b6ed5dad60d56-le64.cache-3
7fef90091000-7fef90095000 r--s 00000000 08:04 814587                     /var/cache/fontconfig/2cd17615ca594fa2959ae173292e504c-le64.cache-3
7fef90095000-7fef90096000 r--s 00000000 08:04 814612                     /var/cache/fontconfig/e7071f4a29fa870f4323321c154eba04-le64.cache-3
7fef90096000-7fef90097000 r--s 00000000 08:04 814585                     /var/cache/fontconfig/0d8c3b2ac0904cb8a57a757ad11a4a08-le64.cache-3
7fef90097000-7fef900a0000 r--s 00000000 08:04 820035                     /var/cache/fontconfig/6d41288fd70b0be22e8c3a91e032eec0-le64.cache-3
7fef900a0000-7fef900ce000 r--s 00000000 08:04 789353                     /var/cache/fontconfig/365b55f210c0a22e9a19e35191240f32-le64.cache-3
7fef900ce000-7fef900d1000 ---p 00000000 00:00 0 
7fef900d1000-7fef901cf000 rw-p 00000000 00:00 0                          [stack:9700]
7fef901cf000-7fef901f6000 r--p 00000000 08:04 526551                     /usr/share/glib-2.0/schemas/gschemas.compiled
7fef901f6000-7fef9023c000 r-xp 00000000 08:04 403156                     /usr/lib/x86_64-linux-gnu/libpango-1.0.so.0.3000.0
7fef9023c000-7fef9043c000 ---p 00046000 08:04 403156                     /usr/lib/x86_64-linux-gnu/libpango-1.0.so.0.3000.0
7fef9043c000-7fef9043e000 r--p 00046000 08:04 403156                     /usr/lib/x86_64-linux-gnu/libpango-1.0.so.0.3000.0
7fef9043e000-7fef9043f000 rw-p 00048000 08:04 403156                     /usr/lib/x86_64-linux-gnu/libpango-1.0.so.0.3000.0
7fef9043f000-7fef904f8000 r-xp 00000000 08:04 402819                     /usr/lib/x86_64-linux-gnu/libcairo.so.2.11000.2
7fef904f8000-7fef906f7000 ---p 000b9000 08:04 402819                     /usr/lib/x86_64-linux-gnu/libcairo.so.2.11000.2
7fef906f7000-7fef906f9000 r--p 000b8000 08:04 402819                     /usr/lib/x86_64-linux-gnu/libcairo.so.2.11000.2
7fef906f9000-7fef906fa000 rw-p 000ba000 08:04 402819                     /usr/lib/x86_64-linux-gnu/libcairo.so.2.11000.2
7fef906fa000-7fef906fd000 rw-p 00000000 00:00 0 
7fef906fd000-7fef90708000 r-xp 00000000 08:04 403158                     /usr/lib/x86_64-linux-gnu/libpangocairo-1.0.so.0.3000.0
7fef90708000-7fef90907000 ---p 0000b000 08:04 403158                     /usr/lib/x86_64-linux-gnu/libpangocairo-1.0.so.0.3000.0
7fef90907000-7fef90908000 r--p 0000a000 08:04 403158                     /usr/lib/x86_64-linux-gnu/libpangocairo-1.0.so.0.3000.0
7fef90908000-7fef90909000 rw-p 0000b000 08:04 403158                     /usr/lib/x86_64-linux-gnu/libpangocairo-1.0.so.0.3000.0
7fef90909000-7fef90927000 r-xp 00000000 08:04 402942                     /usr/lib/x86_64-linux-gnu/libgdk_pixbuf-2.0.so.0.2600.1
7fef90927000-7fef90b27000 ---p 0001e000 08:04 402942                     /usr/lib/x86_64-linux-gnu/libgdk_pixbuf-2.0.so.0.2600.1
7fef90b27000-7fef90b28000 r--p 0001e000 08:04 402942                     /usr/lib/x86_64-linux-gnu/libgdk_pixbuf-2.0.so.0.2600.1
7fef90b28000-7fef90b29000 rw-p 0001f000 08:04 402942                     /usr/lib/x86_64-linux-gnu/libgdk_pixbuf-2.0.so.0.2600.1
7fef90b29000-7fef90b52000 r-xp 00000000 08:04 403160                     /usr/lib/x86_64-linux-gnu/libpangoft2-1.0.so.0.3000.0
7fef90b52000-7fef90d51000 ---p 00029000 08:04 403160                     /usr/lib/x86_64-linux-gnu/libpangoft2-1.0.so.0.3000.0
7fef90d51000-7fef90d52000 r--p 00028000 08:04 403160                     /usr/lib/x86_64-linux-gnu/libpangoft2-1.0.so.0.3000.0
7fef90d52000-7fef90d53000 rw-p 00029000 08:04 403160                     /usr/lib/x86_64-linux-gnu/libpangoft2-1.0.so.0.3000.0
7fef90d53000-7fef90e9b000 r-xp 00000000 08:04 396171                     /usr/lib/x86_64-linux-gnu/libgio-2.0.so.0.3200.4
7fef90e9b000-7fef9109a000 ---p 00148000 08:04 396171                     /usr/lib/x86_64-linux-gnu/libgio-2.0.so.0.3200.4
7fef9109a000-7fef9109e000 r--p 00147000 08:04 396171                     /usr/lib/x86_64-linux-gnu/libgio-2.0.so.0.3200.4
7fef9109e000-7fef910a0000 rw-p 0014b000 08:04 396171                     /usr/lib/x86_64-linux-gnu/libgio-2.0.so.0.3200.4
7fef910a0000-7fef910a2000 rw-p 00000000 00:00 0 
7fef910a2000-7fef910c1000 r-xp 00000000 08:04 402781                     /usr/lib/x86_64-linux-gnu/libatk-1.0.so.0.20409.1
7fef910c1000-7fef912c1000 ---p 0001f000 08:04 402781                     /usr/lib/x86_64-linux-gnu/libatk-1.0.so.0.20409.1
7fef912c1000-7fef912c3000 r--p 0001f000 08:04 402781                     /usr/lib/x86_64-linux-gnu/libatk-1.0.so.0.20409.1
7fef912c3000-7fef912c4000 rw-p 00021000 08:04 402781                     /usr/lib/x86_64-linux-gnu/libatk-1.0.so.0.20409.1
7fef912c4000-7fef91371000 r-xp 00000000 08:04 402940                     /usr/lib/x86_64-linux-gnu/libgdk-x11-2.0.so.0.2400.10
7fef91371000-7fef91570000 ---p 000ad000 08:04 402940                     /usr/lib/x86_64-linux-gnu/libgdk-x11-2.0.so.0.2400.10
7fef91570000-7fef91574000 r--p 000ac000 08:04 402940                     /usr/lib/x86_64-linux-gnu/libgdk-x11-2.0.so.0.2400.10
7fef91574000-7fef91576000 rw-p 000b0000 08:04 402940                     /usr/lib/x86_64-linux-gnu/libgdk-x11-2.0.so.0.2400.10
7fef91576000-7fef919a3000 r-xp 00000000 08:04 403039                     /usr/lib/x86_64-linux-gnu/libgtk-x11-2.0.so.0.2400.10
7fef919a3000-7fef91ba3000 ---p 0042d000 08:04 403039                     /usr/lib/x86_64-linux-gnu/libgtk-x11-2.0.so.0.2400.10
7fef91ba3000-7fef91baa000 r--p 0042d000 08:04 403039                     /usr/lib/x86_64-linux-gnu/libgtk-x11-2.0.so.0.2400.10
7fef91baa000-7fef91bae000 rw-p 00434000 08:04 403039                     /usr/lib/x86_64-linux-gnu/libgtk-x11-2.0.so.0.2400.10
7fef91bae000-7fef91bb0000 rw-p 00000000 00:00 0 
7fef91bb0000-7fef91bb6000 r--s 00000000 08:04 814602                     /var/cache/fontconfig/a755afe4a08bf5b97852ceb7400b47bc-le64.cache-3
7fef91bb6000-7fef91bc6000 r--s 00000000 08:04 814584                     /var/cache/fontconfig/04aabc0a78ac019cf9454389977116d2-le64.cache-3
7fef91bc6000-7fef91bc9000 r--s 00000000 08:04 814590                     /var/cache/fontconfig/385c0604a188198f04d133e54aba7fe7-le64.cache-3
7fef91bc9000-7fef91bce000 r--s 00000000 08:04 814588                     /var/cache/fontconfig/3047814df9a2f067bd2d96a2b9c36e5a-le64.cache-3
7fef91bce000-7fef91bf3000 r-xp 00000000 08:04 687331                     /usr/lib/jvm/java-7-oracle/jre/lib/amd64/libglass.so
7fef91bf3000-7fef91df3000 ---p 00025000 08:04 687331                     /usr/lib/jvm/java-7-oracle/jre/lib/amd64/libglass.so
7fef91df3000-7fef91df4000 r--p 00025000 08:04 687331                     /usr/lib/jvm/java-7-oracle/jre/lib/amd64/libglass.so
7fef91df4000-7fef91df5000 rw-p 00026000 08:04 687331                     /usr/lib/jvm/java-7-oracle/jre/lib/amd64/libglass.so
7fef91df5000-7fef91e0b000 r-xp 00000000 08:04 660908                     /lib/x86_64-linux-gnu/libz.so.1.2.3.4
7fef91e0b000-7fef9200a000 ---p 00016000 08:04 660908                     /lib/x86_64-linux-gnu/libz.so.1.2.3.4
7fef9200a000-7fef9200b000 r--p 00015000 08:04 660908                     /lib/x86_64-linux-gnu/libz.so.1.2.3.4
7fef9200b000-7fef9200c000 rw-p 00016000 08:04 660908                     /lib/x86_64-linux-gnu/libz.so.1.2.3.4
7fef9200c000-7fef92014000 r-xp 00000000 08:04 403170                     /usr/lib/x86_64-linux-gnu/libpciaccess.so.0.11.0
7fef92014000-7fef92213000 ---p 00008000 08:04 403170                     /usr/lib/x86_64-linux-gnu/libpciaccess.so.0.11.0
7fef92213000-7fef92214000 r--p 00007000 08:04 403170                     /usr/lib/x86_64-linux-gnu/libpciaccess.so.0.11.0
7fef92214000-7fef92215000 rw-p 00008000 08:04 403170                     /usr/lib/x86_64-linux-gnu/libpciaccess.so.0.11.0
7fef92215000-7fef9222a000 r-xp 00000000 08:04 660818                     /lib/x86_64-linux-gnu/libgcc_s.so.1
7fef9222a000-7fef92429000 ---p 00015000 08:04 660818                     /lib/x86_64-linux-gnu/libgcc_s.so.1
7fef92429000-7fef9242a000 r--p 00014000 08:04 660818                     /lib/x86_64-linux-gnu/libgcc_s.so.1
7fef9242a000-7fef9242b000 rw-p 00015000 08:04 660818                     /lib/x86_64-linux-gnu/libgcc_s.so.1
7fef9242b000-7fef9250d000 r-xp 00000000 08:04 403261                     /usr/lib/x86_64-linux-gnu/libstdc++.so.6.0.16
7fef9250d000-7fef9270c000 ---p 000e2000 08:04 403261                     /usr/lib/x86_64-linux-gnu/libstdc++.so.6.0.16
7fef9270c000-7fef92714000 r--p 000e1000 08:04 403261                     /usr/lib/x86_64-linux-gnu/libstdc++.so.6.0.16
7fef92714000-7fef92716000 rw-p 000e9000 08:04 403261                     /usr/lib/x86_64-linux-gnu/libstdc++.so.6.0.16
7fef92716000-7fef9272b000 rw-p 00000000 00:00 0 
7fef9272b000-7fef9274b000 r-xp 00000000 08:04 396249                     /usr/lib/x86_64-linux-gnu/libdrm_intel.so.1.0.0
7fef9274b000-7fef9294a000 ---p 00020000 08:04 396249                     /usr/lib/x86_64-linux-gnu/libdrm_intel.so.1.0.0
7fef9294a000-7fef9294b000 r--p 0001f000 08:04 396249                     /usr/lib/x86_64-linux-gnu/libdrm_intel.so.1.0.0
7fef9294b000-7fef9294c000 rw-p 00020000 08:04 396249                     /usr/lib/x86_64-linux-gnu/libdrm_intel.so.1.0.0
7fef9294c000-7fef92973000 r-xp 00000000 08:04 660815                     /lib/x86_64-linux-gnu/libexpat.so.1.5.2
7fef92973000-7fef92b73000 ---p 00027000 08:04 660815                     /lib/x86_64-linux-gnu/libexpat.so.1.5.2
7fef92b73000-7fef92b75000 r--p 00027000 08:04 660815                     /lib/x86_64-linux-gnu/libexpat.so.1.5.2
7fef92b75000-7fef92b76000 rw-p 00029000 08:04 660815                     /lib/x86_64-linux-gnu/libexpat.so.1.5.2
7fef92b76000-7fef92ee1000 r-xp 00000000 08:04 394303                     /usr/lib/x86_64-linux-gnu/libdricore9.0.0.so.1.0.0
7fef92ee1000-7fef930e1000 ---p 0036b000 08:04 394303                     /usr/lib/x86_64-linux-gnu/libdricore9.0.0.so.1.0.0
7fef930e1000-7fef930f4000 r--p 0036b000 08:04 394303                     /usr/lib/x86_64-linux-gnu/libdricore9.0.0.so.1.0.0
7fef930f4000-7fef930f9000 rw-p 0037e000 08:04 394303                     /usr/lib/x86_64-linux-gnu/libdricore9.0.0.so.1.0.0
7fef930f9000-7fef93110000 rw-p 00000000 00:00 0 
7fef93110000-7fef931c7000 r-xp 00000000 08:04 528903                     /usr/lib/x86_64-linux-gnu/dri/i965_dri.so
7fef931c7000-7fef933c6000 ---p 000b7000 08:04 528903                     /usr/lib/x86_64-linux-gnu/dri/i965_dri.so
7fef933c6000-7fef933c9000 r--p 000b6000 08:04 528903                     /usr/lib/x86_64-linux-gnu/dri/i965_dri.so
7fef933c9000-7fef933cc000 rw-p 000b9000 08:04 528903                     /usr/lib/x86_64-linux-gnu/dri/i965_dri.so
7fef933cc000-7fef933cd000 rw-p 00000000 00:00 0 
7fef933cd000-7fef933d2000 r-xp 00000000 08:04 402729                     /usr/lib/x86_64-linux-gnu/libXdmcp.so.6.0.0
7fef933d2000-7fef935d1000 ---p 00005000 08:04 402729                     /usr/lib/x86_64-linux-gnu/libXdmcp.so.6.0.0
7fef935d1000-7fef935d2000 r--p 00004000 08:04 402729                     /usr/lib/x86_64-linux-gnu/libXdmcp.so.6.0.0
7fef935d2000-7fef935d3000 rw-p 00005000 08:04 402729                     /usr/lib/x86_64-linux-gnu/libXdmcp.so.6.0.0
7fef935d3000-7fef935d5000 r-xp 00000000 08:04 402718                     /usr/lib/x86_64-linux-gnu/libXau.so.6.0.0
7fef935d5000-7fef937d4000 ---p 00002000 08:04 402718                     /usr/lib/x86_64-linux-gnu/libXau.so.6.0.0
7fef937d4000-7fef937d5000 r--p 00001000 08:04 402718                     /usr/lib/x86_64-linux-gnu/libXau.so.6.0.0
7fef937d5000-7fef937d6000 rw-p 00002000 08:04 402718                     /usr/lib/x86_64-linux-gnu/libXau.so.6.0.0
7fef937d6000-7fef937e0000 r-xp 00000000 08:04 395226                     /usr/lib/x86_64-linux-gnu/libdrm.so.2.4.0
7fef937e0000-7fef939df000 ---p 0000a000 08:04 395226                     /usr/lib/x86_64-linux-gnu/libdrm.so.2.4.0
7fef939df000-7fef939e0000 r--p 00009000 08:04 395226                     /usr/lib/x86_64-linux-gnu/libdrm.so.2.4.0
7fef939e0000-7fef939e1000 rw-p 0000a000 08:04 395226                     /usr/lib/x86_64-linux-gnu/libdrm.so.2.4.0
7fef939e1000-7fef939f6000 r-xp 00000000 08:04 403315                     /usr/lib/x86_64-linux-gnu/libxcb-glx.so.0.0.0
7fef939f6000-7fef93bf5000 ---p 00015000 08:04 403315                     /usr/lib/x86_64-linux-gnu/libxcb-glx.so.0.0.0
7fef93bf5000-7fef93bf7000 r--p 00014000 08:04 403315                     /usr/lib/x86_64-linux-gnu/libxcb-glx.so.0.0.0
7fef93bf7000-7fef93bf8000 rw-p 00016000 08:04 403315                     /usr/lib/x86_64-linux-gnu/libxcb-glx.so.0.0.0
7fef93bf8000-7fef93bf9000 r-xp 00000000 08:04 394343                     /usr/lib/x86_64-linux-gnu/libX11-xcb.so.1.0.0
7fef93bf9000-7fef93df8000 ---p 00001000 08:04 394343                     /usr/lib/x86_64-linux-gnu/libX11-xcb.so.1.0.0
7fef93df8000-7fef93df9000 r--p 00000000 08:04 394343                     /usr/lib/x86_64-linux-gnu/libX11-xcb.so.1.0.0
7fef93df9000-7fef93dfa000 rw-p 00001000 08:04 394343                     /usr/lib/x86_64-linux-gnu/libX11-xcb.so.1.0.0
7fef93dfa000-7fef93dff000 r-xp 00000000 08:04 396259                     /usr/lib/x86_64-linux-gnu/libXfixes.so.3.1.0
7fef93dff000-7fef93ffe000 ---p 00005000 08:04 396259                     /usr/lib/x86_64-linux-gnu/libXfixes.so.3.1.0
7fef93ffe000-7fef93fff000 r--p 00004000 08:04 396259                     /usr/lib/x86_64-linux-gnu/libXfixes.so.3.1.0
7fef93fff000-7fef94000000 rw-p 00005000 08:04 396259                     /usr/lib/x86_64-linux-gnu/libXfixes.so.3.1.0
7fef94000000-7fef94021000 rw-p 00000000 00:00 0 
7fef94021000-7fef98000000 ---p 00000000 00:00 0 
7fef98000000-7fef98010000 r--s 00000000 08:04 814608                     /var/cache/fontconfig/d52a8644073d54c13679302ca1180695-le64.cache-3
7fef98010000-7fef98013000 ---p 00000000 00:00 0 
7fef98013000-7fef98111000 rw-p 00000000 00:00 0                          [stack:9697]
7fef98111000-7fef98113000 r-xp 00000000 08:04 402727                     /usr/lib/x86_64-linux-gnu/libXdamage.so.1.1.0
7fef98113000-7fef98312000 ---p 00002000 08:04 402727                     /usr/lib/x86_64-linux-gnu/libXdamage.so.1.1.0
7fef98312000-7fef98313000 r--p 00001000 08:04 402727                     /usr/lib/x86_64-linux-gnu/libXdamage.so.1.1.0
7fef98313000-7fef98314000 rw-p 00002000 08:04 402727                     /usr/lib/x86_64-linux-gnu/libXdamage.so.1.1.0
7fef98314000-7fef98335000 r-xp 00000000 08:04 395337                     /usr/lib/x86_64-linux-gnu/libglapi.so.0.0.0
7fef98335000-7fef98534000 ---p 00021000 08:04 395337                     /usr/lib/x86_64-linux-gnu/libglapi.so.0.0.0
7fef98534000-7fef98537000 r--p 00020000 08:04 395337                     /usr/lib/x86_64-linux-gnu/libglapi.so.0.0.0
7fef98537000-7fef98538000 rw-p 00023000 08:04 395337                     /usr/lib/x86_64-linux-gnu/libglapi.so.0.0.0
7fef98538000-7fef98539000 rw-p 00000000 00:00 0 
7fef98539000-7fef98549000 r-xp 00000000 08:04 402731                     /usr/lib/x86_64-linux-gnu/libXext.so.6.4.0
7fef98549000-7fef98748000 ---p 00010000 08:04 402731                     /usr/lib/x86_64-linux-gnu/libXext.so.6.4.0
7fef98748000-7fef98749000 r--p 0000f000 08:04 402731                     /usr/lib/x86_64-linux-gnu/libXext.so.6.4.0
7fef98749000-7fef9874a000 rw-p 00010000 08:04 402731                     /usr/lib/x86_64-linux-gnu/libXext.so.6.4.0
7fef9874a000-7fef98767000 r-xp 00000000 08:04 403325                     /usr/lib/x86_64-linux-gnu/libxcb.so.1.1.0
7fef98767000-7fef98966000 ---p 0001d000 08:04 403325                     /usr/lib/x86_64-linux-gnu/libxcb.so.1.1.0
7fef98966000-7fef98967000 r--p 0001c000 08:04 403325                     /usr/lib/x86_64-linux-gnu/libxcb.so.1.1.0
7fef98967000-7fef98968000 rw-p 0001d000 08:04 403325                     /usr/lib/x86_64-linux-gnu/libxcb.so.1.1.0
7fef98968000-7fef989ca000 r-xp 00000000 08:04 661925                     /usr/lib/x86_64-linux-gnu/mesa/libGL.so.1.2.0
7fef989ca000-7fef98bca000 ---p 00062000 08:04 661925                     /usr/lib/x86_64-linux-gnu/mesa/libGL.so.1.2.0
7fef98bca000-7fef98bcc000 r--p 00062000 08:04 661925                     /usr/lib/x86_64-linux-gnu/mesa/libGL.so.1.2.0
7fef98bcc000-7fef98bcd000 rw-p 00064000 08:04 661925                     /usr/lib/x86_64-linux-gnu/mesa/libGL.so.1.2.0
7fef98bcd000-7fef98bce000 rw-p 00000000 00:00 0 
7fef98bce000-7fef98bd2000 r-xp 00000000 08:04 402761                     /usr/lib/x86_64-linux-gnu/libXxf86vm.so.1.0.0
7fef98bd2000-7fef98dd1000 ---p 00004000 08:04 402761                     /usr/lib/x86_64-linux-gnu/libXxf86vm.so.1.0.0
7fef98dd1000-7fef98dd2000 r--p 00003000 08:04 402761                     /usr/lib/x86_64-linux-gnu/libXxf86vm.so.1.0.0
7fef98dd2000-7fef98dd3000 rw-p 00004000 08:04 402761                     /usr/lib/x86_64-linux-gnu/libXxf86vm.so.1.0.0
7fef98dd3000-7fef98f03000 r-xp 00000000 08:04 395803                     /usr/lib/x86_64-linux-gnu/libX11.so.6.3.0
7fef98f03000-7fef99103000 ---p 00130000 08:04 395803                     /usr/lib/x86_64-linux-gnu/libX11.so.6.3.0
7fef99103000-7fef99104000 r--p 00130000 08:04 395803                     /usr/lib/x86_64-linux-gnu/libX11.so.6.3.0
7fef99104000-7fef99108000 rw-p 00131000 08:04 395803                     /usr/lib/x86_64-linux-gnu/libX11.so.6.3.0
7fef99108000-7fef99109000 r--s 00000000 08:04 811684                     /var/cache/fontconfig/4794a0821666d79190d59a36cb4f44b5-le64.cache-3
7fef99109000-7fef9910c000 r--s 00000000 08:04 814599                     /var/cache/fontconfig/8801497958630a81b71ace7c5f9b32a8-le64.cache-3
7fef9910c000-7fef9910d000 r--s 00000000 08:04 814593                     /var/cache/fontconfig/56cf4f4769d0f4abc89a4895d7bd3ae1-le64.cache-3
7fef9910d000-7fef99112000 r--s 00000000 08:04 814603                     /var/cache/fontconfig/b47c4e1ecd0709278f4910c18777a504-le64.cache-3
7fef99112000-7fef9911b000 r--s 00000000 08:04 797010                     /var/cache/fontconfig/e13b20fdb08344e0e664864cc2ede53d-le64.cache-3
7fef9911b000-7fef9911f000 r--s 00000000 08:04 831909                     /var/cache/fontconfig/7ef2298fde41cc6eeb7af42e48b7d293-le64.cache-3
7fef9911f000-7fef99126000 r--s 00000000 08:04 547368                     /usr/lib/x86_64-linux-gnu/gconv/gconv-modules.cache
7fef99126000-7fef9912f000 r-xp 00000000 08:04 698883                     /usr/lib/jvm/java-7-oracle/jre/lib/amd64/libprism-es2.so
7fef9912f000-7fef9932e000 ---p 00009000 08:04 698883                     /usr/lib/jvm/java-7-oracle/jre/lib/amd64/libprism-es2.so
7fef9932e000-7fef9932f000 r--p 00008000 08:04 698883                     /usr/lib/jvm/java-7-oracle/jre/lib/amd64/libprism-es2.so
7fef9932f000-7fef99330000 rw-p 00009000 08:04 698883                     /usr/lib/jvm/java-7-oracle/jre/lib/amd64/libprism-es2.so
7fef99330000-7fef99333000 ---p 00000000 00:00 0 
7fef99333000-7fef99431000 rw-p 00000000 00:00 0                          [stack:9696]
7fef99431000-7fef99434000 ---p 00000000 00:00 0 
7fef99434000-7fef99532000 rw-p 00000000 00:00 0                          [stack:9695]
7fef99532000-7fef99542000 r-xp 00000000 08:04 698872                     /usr/lib/jvm/java-7-oracle/jre/lib/amd64/libnio.so
7fef99542000-7fef99742000 ---p 00010000 08:04 698872                     /usr/lib/jvm/java-7-oracle/jre/lib/amd64/libnio.so
7fef99742000-7fef99743000 rw-p 00010000 08:04 698872                     /usr/lib/jvm/java-7-oracle/jre/lib/amd64/libnio.so
7fef99743000-7fef99774000 rw-p 00000000 00:00 0 
7fef99774000-7fef9978a000 r-xp 00000000 08:04 698899                     /usr/lib/jvm/java-7-oracle/jre/lib/amd64/libnet.so
7fef9978a000-7fef9998a000 ---p 00016000 08:04 698899                     /usr/lib/jvm/java-7-oracle/jre/lib/amd64/libnet.so
7fef9998a000-7fef9998b000 rw-p 00016000 08:04 698899                     /usr/lib/jvm/java-7-oracle/jre/lib/amd64/libnet.so
7fef9998b000-7fef9998c000 r-xp 00000000 00:15 11167960                   /home/moko/app/idea-IU-133.696/bin/libbreakgen64.so
7fef9998c000-7fef99b8b000 ---p 00001000 00:15 11167960                   /home/moko/app/idea-IU-133.696/bin/libbreakgen64.so
7fef99b8b000-7fef99b8c000 r--p 00000000 00:15 11167960                   /home/moko/app/idea-IU-133.696/bin/libbreakgen64.so
7fef99b8c000-7fef99b8d000 rw-p 00001000 00:15 11167960                   /home/moko/app/idea-IU-133.696/bin/libbreakgen64.so
7fef99b8d000-7fef9a270000 r--p 00000000 08:04 401124                     /usr/lib/locale/locale-archive
7fef9a270000-7fef9c000000 rw-p 00000000 00:00 0 
7fef9c000000-7fef9c021000 rw-p 00000000 00:00 0 
7fef9c021000-7fefa0000000 ---p 00000000 00:00 0 
7fefa0000000-7fefa0001000 r--s 00000000 08:04 814604                     /var/cache/fontconfig/b9d506c9ac06c20b433354fa67a72993-le64.cache-3
7fefa0001000-7fefa0005000 r--p 00000000 00:15 11022357                   /home/moko/.config/dconf/user
7fefa0005000-7fefa0008000 ---p 00000000 00:00 0 
7fefa0008000-7fefa0106000 rw-p 00000000 00:00 0                          [stack:9693]
7fefa0106000-7fefa0109000 r--s 00014000 00:15 11168066                   /home/moko/app/idea-IU-133.696/lib/idea_rt.jar
7fefa0109000-7fefa0112000 r--s 0006f000 00:15 11410229                   /home/moko/Dropbox/SS14/sepm/WendyStables/lib/log4j-1.2.17.jar
7fefa0112000-7fefa0120000 r--s 0015a000 00:15 11410224                   /home/moko/Dropbox/SS14/sepm/WendyStables/lib/hsqldb.jar
7fefa0120000-7fefa0129000 r--s 00067000 08:04 679707                     /usr/lib/jvm/java-7-oracle/jre/lib/javaws.jar
7fefa0129000-7fefa0142000 r--s 001dc000 08:04 679516                     /usr/lib/jvm/java-7-oracle/jre/lib/deploy.jar
7fefa0142000-7fefa01d1000 r--s 00de3000 08:04 679138                     /usr/lib/jvm/java-7-oracle/jre/lib/jfxrt.jar
7fefa01d1000-7fefa01d2000 ---p 00000000 00:00 0 
7fefa01d2000-7fefa02d2000 rw-p 00000000 00:00 0                          [stack:9692]
7fefa02d2000-7fefa02d5000 ---p 00000000 00:00 0 
7fefa02d5000-7fefa03d3000 rw-p 00000000 00:00 0                          [stack:9691]
7fefa03d3000-7fefa03d6000 ---p 00000000 00:00 0 
7fefa03d6000-7fefa04d4000 rw-p 00000000 00:00 0                          [stack:9690]
7fefa04d4000-7fefa04d7000 ---p 00000000 00:00 0 
7fefa04d7000-7fefa05d5000 rw-p 00000000 00:00 0                          [stack:9689]
7fefa05d5000-7fefa05d8000 ---p 00000000 00:00 0 
7fefa05d8000-7fefa06d6000 rw-p 00000000 00:00 0                          [stack:9688]
7fefa06d6000-7fefa06d9000 ---p 00000000 00:00 0 
7fefa06d9000-7fefa07d7000 rw-p 00000000 00:00 0                          [stack:9687]
7fefa07d7000-7fefa07da000 ---p 00000000 00:00 0 
7fefa07da000-7fefa08d8000 rw-p 00000000 00:00 0                          [stack:9686]
7fefa08d8000-7fefa08d9000 ---p 00000000 00:00 0 
7fefa08d9000-7fefa1000000 rw-p 00000000 00:00 0                          [stack:9685]
7fefa1000000-7fefa1270000 rwxp 00000000 00:00 0 
7fefa1270000-7fefa422c000 rw-p 00000000 00:00 0 
7fefa422c000-7fefa8000000 ---p 00000000 00:00 0 
7fefa8000000-7fefa8001000 r--s 00000000 00:15 11017038                   /home/moko/.fontconfig/2652d9f0eb3d67054111e5db9bb612cf-le64.cache-3
7fefa8001000-7fefa8002000 r--s 00000000 00:15 11022404                   /home/moko/.cache/dconf/user
7fefa8002000-7fefa8008000 r--s 0007d000 08:04 679147                     /usr/lib/jvm/java-7-oracle/jre/lib/jfr.jar
7fefa8008000-7fefa801b000 r--s 000d4000 08:04 679142                     /usr/lib/jvm/java-7-oracle/jre/lib/plugin.jar
7fefa801b000-7fefa89f3000 rw-p 00000000 00:00 0 
7fefa89f3000-7fefa8bb0000 r--s 039bf000 08:04 679043                     /usr/lib/jvm/java-7-oracle/jre/lib/rt.jar
7fefa8bb0000-7fefa8e82000 rw-p 00000000 00:00 0 
7fefa8e82000-7fefa8e83000 ---p 00000000 00:00 0 
7fefa8e83000-7fefa8f83000 rw-p 00000000 00:00 0                          [stack:9684]
7fefa8f83000-7fefa8f84000 ---p 00000000 00:00 0 
7fefa8f84000-7fefa9084000 rw-p 00000000 00:00 0                          [stack:9683]
7fefa9084000-7fefa9085000 ---p 00000000 00:00 0 
7fefa9085000-7fefa9185000 rw-p 00000000 00:00 0                          [stack:9682]
7fefa9185000-7fefa9186000 ---p 00000000 00:00 0 
7fefa9186000-7fefa929c000 rw-p 00000000 00:00 0                          [stack:9681]
7fefa929c000-7fefa92af000 rw-p 00000000 00:00 0 
7fefa92af000-7fefa92f3000 rw-p 00000000 00:00 0 
7fefa92f3000-7fefa93cf000 rw-p 00000000 00:00 0 
7fefa93cf000-7fefa93e5000 rw-p 00000000 00:00 0 
7fefa93e5000-7fefa93f8000 rw-p 00000000 00:00 0 
7fefa93f8000-7fefa943c000 rw-p 00000000 00:00 0 
7fefa943c000-7fefa9518000 rw-p 00000000 00:00 0 
7fefa9518000-7fefa956e000 rw-p 00000000 00:00 0 
7fefa956e000-7fefa95a8000 rw-p 00000000 00:00 0 
7fefa95a8000-7fefa95a9000 rw-p 00000000 00:00 0 
7fefa95a9000-7fefa95c3000 r-xp 00000000 08:04 698879                     /usr/lib/jvm/java-7-oracle/jre/lib/amd64/libzip.so
7fefa95c3000-7fefa97c3000 ---p 0001a000 08:04 698879                     /usr/lib/jvm/java-7-oracle/jre/lib/amd64/libzip.so
7fefa97c3000-7fefa97c4000 rw-p 0001a000 08:04 698879                     /usr/lib/jvm/java-7-oracle/jre/lib/amd64/libzip.so
7fefa97c4000-7fefa97d0000 r-xp 00000000 08:04 669947                     /lib/x86_64-linux-gnu/libnss_files-2.15.so
7fefa97d0000-7fefa99cf000 ---p 0000c000 08:04 669947                     /lib/x86_64-linux-gnu/libnss_files-2.15.so
7fefa99cf000-7fefa99d0000 r--p 0000b000 08:04 669947                     /lib/x86_64-linux-gnu/libnss_files-2.15.so
7fefa99d0000-7fefa99d1000 rw-p 0000c000 08:04 669947                     /lib/x86_64-linux-gnu/libnss_files-2.15.so
7fefa99d1000-7fefa99db000 r-xp 00000000 08:04 669951                     /lib/x86_64-linux-gnu/libnss_nis-2.15.so
7fefa99db000-7fefa9bdb000 ---p 0000a000 08:04 669951                     /lib/x86_64-linux-gnu/libnss_nis-2.15.so
7fefa9bdb000-7fefa9bdc000 r--p 0000a000 08:04 669951                     /lib/x86_64-linux-gnu/libnss_nis-2.15.so
7fefa9bdc000-7fefa9bdd000 rw-p 0000b000 08:04 669951                     /lib/x86_64-linux-gnu/libnss_nis-2.15.so
7fefa9bdd000-7fefa9bf4000 r-xp 00000000 08:04 669963                     /lib/x86_64-linux-gnu/libnsl-2.15.so
7fefa9bf4000-7fefa9df3000 ---p 00017000 08:04 669963                     /lib/x86_64-linux-gnu/libnsl-2.15.so
7fefa9df3000-7fefa9df4000 r--p 00016000 08:04 669963                     /lib/x86_64-linux-gnu/libnsl-2.15.so
7fefa9df4000-7fefa9df5000 rw-p 00017000 08:04 669963                     /lib/x86_64-linux-gnu/libnsl-2.15.so
7fefa9df5000-7fefa9df7000 rw-p 00000000 00:00 0 
7fefa9df7000-7fefa9dff000 r-xp 00000000 08:04 669945                     /lib/x86_64-linux-gnu/libnss_compat-2.15.so
7fefa9dff000-7fefa9ffe000 ---p 00008000 08:04 669945                     /lib/x86_64-linux-gnu/libnss_compat-2.15.so
7fefa9ffe000-7fefa9fff000 r--p 00007000 08:04 669945                     /lib/x86_64-linux-gnu/libnss_compat-2.15.so
7fefa9fff000-7fefaa000000 rw-p 00008000 08:04 669945                     /lib/x86_64-linux-gnu/libnss_compat-2.15.so
7fefaa000000-7fefaa029000 r-xp 00000000 08:04 698896                     /usr/lib/jvm/java-7-oracle/jre/lib/amd64/libjava.so
7fefaa029000-7fefaa229000 ---p 00029000 08:04 698896                     /usr/lib/jvm/java-7-oracle/jre/lib/amd64/libjava.so
7fefaa229000-7fefaa22b000 rw-p 00029000 08:04 698896                     /usr/lib/jvm/java-7-oracle/jre/lib/amd64/libjava.so
7fefaa22b000-7fefaa238000 r-xp 00000000 08:04 698894                     /usr/lib/jvm/java-7-oracle/jre/lib/amd64/libverify.so
7fefaa238000-7fefaa437000 ---p 0000d000 08:04 698894                     /usr/lib/jvm/java-7-oracle/jre/lib/amd64/libverify.so
7fefaa437000-7fefaa439000 rw-p 0000c000 08:04 698894                     /usr/lib/jvm/java-7-oracle/jre/lib/amd64/libverify.so
7fefaa439000-7fefaa440000 r-xp 00000000 08:04 669950                     /lib/x86_64-linux-gnu/librt-2.15.so
7fefaa440000-7fefaa63f000 ---p 00007000 08:04 669950                     /lib/x86_64-linux-gnu/librt-2.15.so
7fefaa63f000-7fefaa640000 r--p 00006000 08:04 669950                     /lib/x86_64-linux-gnu/librt-2.15.so
7fefaa640000-7fefaa641000 rw-p 00007000 08:04 669950                     /lib/x86_64-linux-gnu/librt-2.15.so
7fefaa641000-7fefaa73c000 r-xp 00000000 08:04 669954                     /lib/x86_64-linux-gnu/libm-2.15.so
7fefaa73c000-7fefaa93b000 ---p 000fb000 08:04 669954                     /lib/x86_64-linux-gnu/libm-2.15.so
7fefaa93b000-7fefaa93c000 r--p 000fa000 08:04 669954                     /lib/x86_64-linux-gnu/libm-2.15.so
7fefaa93c000-7fefaa93d000 rw-p 000fb000 08:04 669954                     /lib/x86_64-linux-gnu/libm-2.15.so
7fefaa93d000-7fefab49f000 r-xp 00000000 08:04 698891                     /usr/lib/jvm/java-7-oracle/jre/lib/amd64/server/libjvm.so
7fefab49f000-7fefab69f000 ---p 00b62000 08:04 698891                     /usr/lib/jvm/java-7-oracle/jre/lib/amd64/server/libjvm.so
7fefab69f000-7fefab762000 rw-p 00b62000 08:04 698891                     /usr/lib/jvm/java-7-oracle/jre/lib/amd64/server/libjvm.so
7fefab762000-7fefab7a3000 rw-p 00000000 00:00 0 
7fefab7a3000-7fefab958000 r-xp 00000000 08:04 662422                     /lib/x86_64-linux-gnu/libc-2.15.so
7fefab958000-7fefabb58000 ---p 001b5000 08:04 662422                     /lib/x86_64-linux-gnu/libc-2.15.so
7fefabb58000-7fefabb5c000 r--p 001b5000 08:04 662422                     /lib/x86_64-linux-gnu/libc-2.15.so
7fefabb5c000-7fefabb5e000 rw-p 001b9000 08:04 662422                     /lib/x86_64-linux-gnu/libc-2.15.so
7fefabb5e000-7fefabb63000 rw-p 00000000 00:00 0 
7fefabb63000-7fefabb65000 r-xp 00000000 08:04 669958                     /lib/x86_64-linux-gnu/libdl-2.15.so
7fefabb65000-7fefabd65000 ---p 00002000 08:04 669958                     /lib/x86_64-linux-gnu/libdl-2.15.so
7fefabd65000-7fefabd66000 r--p 00002000 08:04 669958                     /lib/x86_64-linux-gnu/libdl-2.15.so
7fefabd66000-7fefabd67000 rw-p 00003000 08:04 669958                     /lib/x86_64-linux-gnu/libdl-2.15.so
7fefabd67000-7fefabd7d000 r-xp 00000000 08:04 529049                     /usr/lib/jvm/java-7-oracle/lib/amd64/jli/libjli.so
7fefabd7d000-7fefabf7d000 ---p 00016000 08:04 529049                     /usr/lib/jvm/java-7-oracle/lib/amd64/jli/libjli.so
7fefabf7d000-7fefabf7e000 rw-p 00016000 08:04 529049                     /usr/lib/jvm/java-7-oracle/lib/amd64/jli/libjli.so
7fefabf7e000-7fefabf96000 r-xp 00000000 08:04 669952                     /lib/x86_64-linux-gnu/libpthread-2.15.so
7fefabf96000-7fefac195000 ---p 00018000 08:04 669952                     /lib/x86_64-linux-gnu/libpthread-2.15.so
7fefac195000-7fefac196000 r--p 00017000 08:04 669952                     /lib/x86_64-linux-gnu/libpthread-2.15.so
7fefac196000-7fefac197000 rw-p 00018000 08:04 669952                     /lib/x86_64-linux-gnu/libpthread-2.15.so
7fefac197000-7fefac19b000 rw-p 00000000 00:00 0 
7fefac19b000-7fefac1bd000 r-xp 00000000 08:04 669955                     /lib/x86_64-linux-gnu/ld-2.15.so
7fefac1bd000-7fefac1c1000 r--s 0008a000 08:04 679149                     /usr/lib/jvm/java-7-oracle/jre/lib/jsse.jar
7fefac1c1000-7fefac1cc000 r--s 0037c000 08:04 679045                     /usr/lib/jvm/java-7-oracle/jre/lib/charsets.jar
7fefac1cc000-7fefac1ce000 r--s 00019000 08:04 679025                     /usr/lib/jvm/java-7-oracle/jre/lib/jce.jar
7fefac1ce000-7fefac1d8000 r--s 00250000 08:04 661343                     /usr/lib/jvm/java-7-oracle/jre/lib/resources.jar
7fefac1d8000-7fefac1e2000 rw-p 00000000 00:00 0 
7fefac1e2000-7fefac298000 rw-p 00000000 00:00 0 
7fefac298000-7fefac29b000 ---p 00000000 00:00 0 
7fefac29b000-7fefac39d000 rw-p 00000000 00:00 0                          [stack:9680]
7fefac39d000-7fefac39e000 r--s 00000000 08:04 678992                     /usr/lib/jvm/java-7-oracle/jre/lib/management-agent.jar
7fefac39e000-7fefac3b1000 rw-p 00000000 00:00 0 
7fefac3b1000-7fefac3b9000 rw-s 00000000 08:04 934982                     /tmp/hsperfdata_moko/9679
7fefac3b9000-7fefac3ba000 rw-p 00000000 00:00 0 
7fefac3ba000-7fefac3bb000 ---p 00000000 00:00 0 
7fefac3bb000-7fefac3bd000 rw-p 00000000 00:00 0 
7fefac3bd000-7fefac3be000 r--p 00022000 08:04 669955                     /lib/x86_64-linux-gnu/ld-2.15.so
7fefac3be000-7fefac3c0000 rw-p 00023000 08:04 669955                     /lib/x86_64-linux-gnu/ld-2.15.so
7fff2241a000-7fff2243b000 rw-p 00000000 00:00 0                          [stack]
7fff225bd000-7fff225bf000 r-xp 00000000 00:00 0                          [vdso]
ffffffffff600000-ffffffffff601000 r-xp 00000000 00:00 0                  [vsyscall]

VM Arguments:
jvm_args: -Didea.launcher.port=7535 -Didea.launcher.bin.path=/home/moko/app/idea-IU-133.696/bin -Dfile.encoding=UTF-8 
java_command: com.intellij.rt.execution.application.AppMain presentation.Main
Launcher Type: SUN_STANDARD

Environment Variables:
CLASSPATH=/home/moko/app/idea-IU-133.696/bin/../lib/bootstrap.jar:/home/moko/app/idea-IU-133.696/bin/../lib/extensions.jar:/home/moko/app/idea-IU-133.696/bin/../lib/util.jar:/home/moko/app/idea-IU-133.696/bin/../lib/jdom.jar:/home/moko/app/idea-IU-133.696/bin/../lib/log4j.jar:/home/moko/app/idea-IU-133.696/bin/../lib/trove4j.jar:/home/moko/app/idea-IU-133.696/bin/../lib/jna.jar:/usr/lib/jvm/java-7-oracle/lib/tools.jar
PATH=/usr/lib/lightdm/lightdm:/usr/local/sbin:/usr/local/bin:/usr/sbin:/usr/bin:/sbin:/bin:/usr/games
LD_LIBRARY_PATH=/home/moko/app/idea-IU-133.696/bin:
SHELL=/bin/bash
DISPLAY=:0.0

Signal Handlers:
SIGSEGV: [libjvm.so+0x993870], sa_mask[0]=0x7ffbfeff, sa_flags=0x10000004
SIGBUS: [libjvm.so+0x993870], sa_mask[0]=0x7ffbfeff, sa_flags=0x10000004
SIGFPE: [libjvm.so+0x8105b0], sa_mask[0]=0x7ffbfeff, sa_flags=0x10000004
SIGPIPE: SIG_IGN, sa_mask[0]=0x00001000, sa_flags=0x10000000
SIGXFSZ: [libjvm.so+0x8105b0], sa_mask[0]=0x7ffbfeff, sa_flags=0x10000004
SIGILL: [libjvm.so+0x8105b0], sa_mask[0]=0x7ffbfeff, sa_flags=0x10000004
SIGUSR1: SIG_DFL, sa_mask[0]=0x00000000, sa_flags=0x00000000
SIGUSR2: [libjvm.so+0x811aa0], sa_mask[0]=0x00000004, sa_flags=0x10000004
SIGHUP: [libjvm.so+0x812a10], sa_mask[0]=0x7ffbfeff, sa_flags=0x10000004
SIGINT: [libjvm.so+0x812a10], sa_mask[0]=0x7ffbfeff, sa_flags=0x10000004
SIGTERM: [libjvm.so+0x812a10], sa_mask[0]=0x7ffbfeff, sa_flags=0x10000004
SIGQUIT: [libjvm.so+0x812a10], sa_mask[0]=0x7ffbfeff, sa_flags=0x10000004


---------------  S Y S T E M  ---------------

OS:wheezy/sid

uname:Linux 3.8.0-37-generic #53~precise1-Ubuntu SMP Wed Feb 19 21:37:54 UTC 2014 x86_64
libc:glibc 2.15 NPTL 2.15 
rlimit: STACK 8192k, CORE 0k, NPROC 25894, NOFILE 4096, AS infinity
load average:0.75 0.51 0.66

/proc/meminfo:
MemTotal:        3532280 kB
MemFree:          111640 kB
Buffers:             528 kB
Cached:           502080 kB
SwapCached:            0 kB
Active:          3003768 kB
Inactive:         246376 kB
Active(anon):    3003048 kB
Inactive(anon):   223772 kB
Active(file):        720 kB
Inactive(file):    22604 kB
Unevictable:           0 kB
Mlocked:               0 kB
SwapTotal:             0 kB
SwapFree:              0 kB
Dirty:               300 kB
Writeback:             0 kB
AnonPages:       2747804 kB
Mapped:            27196 kB
Shmem:            478888 kB
Slab:              72116 kB
SReclaimable:      31464 kB
SUnreclaim:        40652 kB
KernelStack:        5064 kB
PageTables:        33588 kB
NFS_Unstable:          0 kB
Bounce:                0 kB
WritebackTmp:          0 kB
CommitLimit:     1766140 kB
Committed_AS:    6444460 kB
VmallocTotal:   34359738367 kB
VmallocUsed:      349812 kB
VmallocChunk:   34359380220 kB
HardwareCorrupted:     0 kB
AnonHugePages:         0 kB
HugePages_Total:       0
HugePages_Free:        0
HugePages_Rsvd:        0
HugePages_Surp:        0
Hugepagesize:       2048 kB
DirectMap4k:       79872 kB
DirectMap2M:     4022272 kB


CPU:total 4 (2 cores per cpu, 2 threads per core) family 6 model 58 stepping 9, cmov, cx8, fxsr, mmx, sse, sse2, sse3, ssse3, sse4.1, sse4.2, popcnt, avx, erms, ht, tsc, tscinvbit, tscinv

/proc/cpuinfo:
processor	: 0
vendor_id	: GenuineIntel
cpu family	: 6
model		: 58
model name	: Intel(R) Core(TM) i7-3517U CPU @ 1.90GHz
stepping	: 9
microcode	: 0x12
cpu MHz		: 1900.000
cache size	: 4096 KB
physical id	: 0
siblings	: 4
core id		: 0
cpu cores	: 2
apicid		: 0
initial apicid	: 0
fpu		: yes
fpu_exception	: yes
cpuid level	: 13
wp		: yes
flags		: fpu vme de pse tsc msr pae mce cx8 apic sep mtrr pge mca cmov pat pse36 clflush dts acpi mmx fxsr sse sse2 ss ht tm pbe syscall nx rdtscp lm constant_tsc arch_perfmon pebs bts rep_good nopl xtopology nonstop_tsc aperfmperf eagerfpu pni pclmulqdq dtes64 monitor ds_cpl vmx est tm2 ssse3 cx16 xtpr pdcm pcid sse4_1 sse4_2 x2apic popcnt tsc_deadline_timer xsave avx f16c rdrand lahf_lm ida arat epb xsaveopt pln pts dtherm tpr_shadow vnmi flexpriority ept vpid fsgsbase smep erms
bogomips	: 4788.70
clflush size	: 64
cache_alignment	: 64
address sizes	: 36 bits physical, 48 bits virtual
power management:

processor	: 1
vendor_id	: GenuineIntel
cpu family	: 6
model		: 58
model name	: Intel(R) Core(TM) i7-3517U CPU @ 1.90GHz
stepping	: 9
microcode	: 0x12
cpu MHz		: 1900.000
cache size	: 4096 KB
physical id	: 0
siblings	: 4
core id		: 0
cpu cores	: 2
apicid		: 1
initial apicid	: 1
fpu		: yes
fpu_exception	: yes
cpuid level	: 13
wp		: yes
flags		: fpu vme de pse tsc msr pae mce cx8 apic sep mtrr pge mca cmov pat pse36 clflush dts acpi mmx fxsr sse sse2 ss ht tm pbe syscall nx rdtscp lm constant_tsc arch_perfmon pebs bts rep_good nopl xtopology nonstop_tsc aperfmperf eagerfpu pni pclmulqdq dtes64 monitor ds_cpl vmx est tm2 ssse3 cx16 xtpr pdcm pcid sse4_1 sse4_2 x2apic popcnt tsc_deadline_timer xsave avx f16c rdrand lahf_lm ida arat epb xsaveopt pln pts dtherm tpr_shadow vnmi flexpriority ept vpid fsgsbase smep erms
bogomips	: 4788.70
clflush size	: 64
cache_alignment	: 64
address sizes	: 36 bits physical, 48 bits virtual
power management:

processor	: 2
vendor_id	: GenuineIntel
cpu family	: 6
model		: 58
model name	: Intel(R) Core(TM) i7-3517U CPU @ 1.90GHz
stepping	: 9
microcode	: 0x12
cpu MHz		: 1900.000
cache size	: 4096 KB
physical id	: 0
siblings	: 4
core id		: 1
cpu cores	: 2
apicid		: 2
initial apicid	: 2
fpu		: yes
fpu_exception	: yes
cpuid level	: 13
wp		: yes
flags		: fpu vme de pse tsc msr pae mce cx8 apic sep mtrr pge mca cmov pat pse36 clflush dts acpi mmx fxsr sse sse2 ss ht tm pbe syscall nx rdtscp lm constant_tsc arch_perfmon pebs bts rep_good nopl xtopology nonstop_tsc aperfmperf eagerfpu pni pclmulqdq dtes64 monitor ds_cpl vmx est tm2 ssse3 cx16 xtpr pdcm pcid sse4_1 sse4_2 x2apic popcnt tsc_deadline_timer xsave avx f16c rdrand lahf_lm ida arat epb xsaveopt pln pts dtherm tpr_shadow vnmi flexpriority ept vpid fsgsbase smep erms
bogomips	: 4788.70
clflush size	: 64
cache_alignment	: 64
address sizes	: 36 bits physical, 48 bits virtual
power management:

processor	: 3
vendor_id	: GenuineIntel
cpu family	: 6
model		: 58
model name	: Intel(R) Core(TM) i7-3517U CPU @ 1.90GHz
stepping	: 9
microcode	: 0x12
cpu MHz		: 1900.000
cache size	: 4096 KB
physical id	: 0
siblings	: 4
core id		: 1
cpu cores	: 2
apicid		: 3
initial apicid	: 3
fpu		: yes
fpu_exception	: yes
cpuid level	: 13
wp		: yes
flags		: fpu vme de pse tsc msr pae mce cx8 apic sep mtrr pge mca cmov pat pse36 clflush dts acpi mmx fxsr sse sse2 ss ht tm pbe syscall nx rdtscp lm constant_tsc arch_perfmon pebs bts rep_good nopl xtopology nonstop_tsc aperfmperf eagerfpu pni pclmulqdq dtes64 monitor ds_cpl vmx est tm2 ssse3 cx16 xtpr pdcm pcid sse4_1 sse4_2 x2apic popcnt tsc_deadline_timer xsave avx f16c rdrand lahf_lm ida arat epb xsaveopt pln pts dtherm tpr_shadow vnmi flexpriority ept vpid fsgsbase smep erms
bogomips	: 4788.70
clflush size	: 64
cache_alignment	: 64
address sizes	: 36 bits physical, 48 bits virtual
power management:



Memory: 4k page, physical 3532280k(109656k free), swap 0k(0k free)

vm_info: Java HotSpot(TM) 64-Bit Server VM (24.51-b03) for linux-amd64 JRE (1.7.0_51-b13), built on Dec 18 2013 18:48:01 by "java_re" with gcc 4.3.0 20080428 (Red Hat 4.3.0-8)

time: Thu Mar 27 00:46:10 2014
elapsed time: 6 seconds

